#
# A fatal error has been detected by the Java Runtime Environment:
#
#  EXCEPTION_ACCESS_VIOLATION (0xc0000005) at pc=0x000001d1240e1050, pid=10500, tid=10836
#
# JRE version: OpenJDK Runtime Environment Temurin-21.0.3+9 (21.0.3+9) (build 21.0.3+9-LTS)
# Java VM: OpenJDK 64-Bit Server VM Temurin-21.0.3+9 (21.0.3+9-LTS, mixed mode, emulated-client, tiered, compressed oops, compressed class ptrs, g1 gc, windows-amd64)
# Problematic frame:
# v  ~BufferBlob::MethodHandles adapters 0x000001d1240e1050
#
# No core dump will be written. Minidumps are not enabled by default on client versions of Windows
#
# If you would like to submit a bug report, please visit:
#   https://github.com/adoptium/adoptium-support/issues
#

---------------  S U M M A R Y ------------

Command Line: -XX:+ShowCodeDetailsInExceptionMessages -agentlib:jdwp=transport=dt_socket,suspend=y,address=localhost:64425 -Dcom.sun.management.jmxremote -Dcom.sun.management.jmxremote.port=64424 -Dcom.sun.management.jmxremote.authenticate=false -Dcom.sun.management.jmxremote.ssl=false -Djava.rmi.server.hostname=localhost -Dspring.jmx.enabled=true -Dmanagement.endpoints.jmx.exposure.include=* -Dspring.application.admin.enabled=true -XX:TieredStopAtLevel=1 -Dspring.boot.project.name=Presentation -javaagent:E:\application\jar file\spring\sts-4.24.0.RELEASE\configuration\org.eclipse.osgi\270\0\.cp\lib\javaagent-shaded.jar -Dfile.encoding=UTF-8 -Dstdout.encoding=UTF-8 -Dstderr.encoding=UTF-8 com.in.main.PresentationApplication --spring.output.ansi.enabled=always

Host: 12th Gen Intel(R) Core(TM) i5-12400, 12 cores, 15G,  Windows 11 , 64 bit Build 26100 (10.0.26100.3037)
Time: Fri Feb 21 23:51:15 2025 India Standard Time elapsed time: 279.866105 seconds (0d 0h 4m 39s)

---------------  T H R E A D  ---------------

Current thread (0x000001d13c4e5e80):  JavaThread "restartedMain"        [_thread_in_Java, id=10836, stack(0x000000ab83600000,0x000000ab83700000) (1024K)]

Stack: [0x000000ab83600000,0x000000ab83700000],  sp=0x000000ab836fd898,  free space=1014k
Native frames: (J=compiled Java code, j=interpreted, Vv=VM code, C=native code)
C  0x000001d1240e1050

The last pc belongs to _linkToSpecial (printed below).

siginfo: EXCEPTION_ACCESS_VIOLATION (0xc0000005), reading address 0xffffffffffffffff


Registers:
RAX=0x000001d1240b9086, RBX=0xe0cdad0d00000000, RCX=0x000000ab836fd8a0, RDX=0x0000000000000002
RSP=0x000000ab836fd898, RBP=0x000000ab836fd8e8, RSI=0x000001d135445b08, RDI=0x000001d13cad3ca0
R8 =0x0000000000000004, R9 =0x0000000000000004, R10=0x00007ffc169d1a30, R11=0x000001d1303e7388
R12=0x0000000000000000, R13=0x000000ab836fd898, R14=0x000000ab836fd908, R15=0x000001d13c4e5e80
RIP=0x000001d1240e1050, EFLAGS=0x0000000000010202


Register to memory mapping:

RAX=0x000001d1240b9086 is at code_begin+3078 in an Interpreter codelet
return entry points  [0x000001d1240b8480, 0x000001d1240ba298]  7704 bytes
RBX=0xe0cdad0d00000000 is an unknown value
RCX=0x000000ab836fd8a0 is pointing into the stack for thread: 0x000001d13c4e5e80
RDX=0x0000000000000002 is an unknown value
RSP=0x000000ab836fd898 is pointing into the stack for thread: 0x000001d13c4e5e80
RBP=0x000000ab836fd8e8 is pointing into the stack for thread: 0x000001d13c4e5e80
RSI=0x000001d135445b08 points into unknown readable memory: 0x880009006b6452f4 | f4 52 64 6b 00 09 00 88
RDI=0x000001d13cad3ca0 points into unknown readable memory: 0x0000001800000070 | 70 00 00 00 18 00 00 00
R8 =0x0000000000000004 is an unknown value
R9 =0x0000000000000004 is an unknown value
R10=0x00007ffc169d1a30 jvm.dll
R11={method} {0x000001d1303e7390} 'newInvokeSpecial' '(Ljava/lang/Object;)Ljava/lang/Object;' in 'java/lang/invoke/DirectMethodHandle$Holder'
R12=0x0 is null
R13=0x000000ab836fd898 is pointing into the stack for thread: 0x000001d13c4e5e80
R14=0x000000ab836fd908 is pointing into the stack for thread: 0x000001d13c4e5e80
R15=0x000001d13c4e5e80 is a thread

Top of Stack: (sp=0x000000ab836fd898)
0x000000ab836fd898:   000001d1240b9086 000000ab836fd8a0
0x000000ab836fd8a8:   000001d1303e7377 0000000000000004
0x000000ab836fd8b8:   000001d1303eb150 0000000709fdbfd8
0x000000ab836fd8c8:   0000000703946828 000001d1303e7388
0x000000ab836fd8d8:   000000ab836fd898 000000ab836fd910
0x000000ab836fd8e8:   000000ab836fdc78 000001d124454f4b
0x000000ab836fd8f8:   00000007066d6770 00000007066d6818
0x000000ab836fd908:   00000007066d67d0 00000007066d6580
0x000000ab836fd918:   00007ffc5f7f2bb0 000000ab836fdc78
0x000000ab836fd928:   000001d124a1b18c 0000000000000000
0x000000ab836fd938:   00007ffc162b4281 000001d12facfec0
0x000000ab836fd948:   000000ab836fb0b0 000001d13c4f5301
0x000000ab836fd958:   00000007066d36a0 000000070394ff38
0x000000ab836fd968:   000000070394ff50 0000000100000000
0x000000ab836fd978:   000000070394ff20 000000070a65df70
0x000000ab836fd988:   0000000703abc2b8 0000000709fdbfd8
0x000000ab836fd998:   00000007066d6448 00000007066d6448
0x000000ab836fd9a8:   00000007066d6580 00000007066d6800
0x000000ab836fd9b8:   00000007066d65d8 0000000709fdbfd8
0x000000ab836fd9c8:   0000000000000001 000000ab836fdc78
0x000000ab836fd9d8:   000001d100000000 0000000000000000
0x000000ab836fd9e8:   0000000000000000 00000007066d67d0
0x000000ab836fd9f8:   000001d12445735c 0000000000000000
0x000000ab836fda08:   0000000000000000 0000000000000000
0x000000ab836fda18:   000001d134ad7600 000001d13c4e5e80
0x000000ab836fda28:   0000000000000000 00000007066d6580
0x000000ab836fda38:   0000000000000000 00000007066d6448
0x000000ab836fda48:   00000007066d6800 00000007066d6580
0x000000ab836fda58:   0000000000000000 000000ab836fdc00
0x000000ab836fda68:   000001d12445446c 000000ab836fdc78
0x000000ab836fda78:   000001d12445066a 0000000000000000
0x000000ab836fda88:   000001d1243a4ba9 000001d13c4e5e80 

Instructions: (pc=0x000001d1240e1050)
0x000001d1240e0f50:   bf e0 05 00 00 00 74 03 ff 63 38 ff 63 50 e9 9d
0x000001d1240e0f60:   16 00 00 66 66 66 0f 1f 84 00 00 00 00 00 66 66
0x000001d1240e0f70:   66 90 66 66 0f 1f 84 00 00 00 00 00 66 66 66 90
0x000001d1240e0f80:   48 8b 53 08 0f b7 52 2e 48 8b 0c d4 58 5b 50 44
0x000001d1240e0f90:   8b 51 08 49 bb 00 00 00 00 08 00 00 00 4d 03 d3
0x000001d1240e0fa0:   4c 8b 5b 10 4b 8b 9c da c8 01 00 00 48 85 db 0f
0x000001d1240e0fb0:   84 10 00 00 00 41 80 bf e0 05 00 00 00 74 03 ff
0x000001d1240e0fc0:   63 38 ff 63 50 e9 36 16 00 00 66 66 66 0f 1f 84
0x000001d1240e0fd0:   00 00 00 00 00 66 66 66 90 0f 1f 80 00 00 00 00
0x000001d1240e0fe0:   58 5b 50 8b 5b 24 48 c1 e3 03 48 8b 5b 10 48 85
0x000001d1240e0ff0:   db 0f 84 10 00 00 00 41 80 bf e0 05 00 00 00 74
0x000001d1240e1000:   03 ff 63 38 ff 63 50 e9 f4 15 00 00 66 66 66 0f
0x000001d1240e1010:   1f 84 00 00 00 00 00 66 66 66 90 0f 1f 44 00 00
0x000001d1240e1020:   48 8b 53 08 0f b7 52 2e 48 8b 0c d4 58 5b 50 48
0x000001d1240e1030:   3b 01 8b 5b 24 48 c1 e3 03 48 8b 5b 10 48 85 db
0x000001d1240e1040:   0f 84 10 00 00 00 41 80 bf e0 05 00 00 00 74 03
0x000001d1240e1050:   ff 63 38 ff 63 50 e9 a5 15 00 00 0f 1f 44 00 00
0x000001d1240e1060:   48 8b 53 08 0f b7 52 2e 48 8b 0c d4 58 5b 50 44
0x000001d1240e1070:   8b 51 08 49 bb 00 00 00 00 08 00 00 00 4d 03 d3
0x000001d1240e1080:   8b 43 18 48 c1 e0 03 48 8b 40 10 48 8b 5b 10 45
0x000001d1240e1090:   8b 9a a0 00 00 00 4f 8d 9c da c8 01 00 00 4d 8d
0x000001d1240e10a0:   14 da 49 8b 1b 48 3b c3 74 15 48 85 db 0f 84 32
0x000001d1240e10b0:   00 00 00 49 83 c3 10 49 8b 1b 48 3b c3 75 eb 45
0x000001d1240e10c0:   8b 5b 08 4b 8b 1c 1a 48 85 db 0f 84 10 00 00 00
0x000001d1240e10d0:   41 80 bf e0 05 00 00 00 74 03 ff 63 38 ff 63 50
0x000001d1240e10e0:   e9 1b 15 00 00 e9 16 12 00 00 f4 00 00 00 00 00
0x000001d1240e10f0:   00 00 00 00 00 00 00 00 00 00 00 00 00 00 00 00
0x000001d1240e1100:   00 00 00 00 00 00 00 00 00 00 00 00 00 00 00 00
0x000001d1240e1110:   00 00 00 00 00 00 00 00 00 00 00 00 00 00 00 00
0x000001d1240e1120:   00 00 00 00 00 00 00 00 00 00 00 00 00 00 00 00
0x000001d1240e1130:   00 00 00 00 00 00 00 00 00 00 00 00 00 00 00 00
0x000001d1240e1140:   00 00 00 00 00 00 00 00 00 00 00 00 00 00 00 00 


Stack slot to memory mapping:

stack at sp + 0 slots: 0x000001d1240b9086 is at code_begin+3078 in an Interpreter codelet
return entry points  [0x000001d1240b8480, 0x000001d1240ba298]  7704 bytes
stack at sp + 1 slots: 0x000000ab836fd8a0 is pointing into the stack for thread: 0x000001d13c4e5e80
stack at sp + 2 slots: 0x000001d1303e7377 is pointing into metadata
stack at sp + 3 slots: 0x0000000000000004 is an unknown value
stack at sp + 4 slots: 0x000001d1303eb150 is pointing into metadata
stack at sp + 5 slots: 0x0000000709fdbfd8 is an oop: java.lang.Class 
{0x0000000709fdbfd8} - klass: 'java/lang/Class'
 - ---- fields (total size 14 words):
 - private volatile transient 'classRedefinedCount' 'I' @12  1 (0x00000001)
 - injected 'klass' 'J' @16  34372327944 (0x0000000800c01a08)
 - injected 'array_klass' 'J' @24  0 (0x0000000000000000)
 - injected 'oop_size' 'I' @32  14 (0x0000000e)
 - injected 'static_oop_field_count' 'I' @36  0 (0x00000000)
 - private volatile transient 'cachedConstructor' 'Ljava/lang/reflect/Constructor;' @40  null (0x00000000)
 - private transient 'name' 'Ljava/lang/String;' @44  "com.in.main.controller.PresentationController"{0x0000000703c10288} (0xe0782051)
 - private transient 'module' 'Ljava/lang/Module;' @48  a 'java/lang/Module'{0x000000070a60e1b0} (0xe14c1c36)
 - private final 'classLoader' 'Ljava/lang/ClassLoader;' @52  a 'org/springframework/boot/devtools/restart/classloader/RestartClassLoader'{0x000000070a60e020} (0xe14c1c04)
 - private transient 'classData' 'Ljava/lang/Object;' @56  null (0x00000000)
 - private transient 'packageName' 'Ljava/lang/String;' @60  "com.in.main.controller"{0x0000000703c101f8} (0xe078203f)
 - private final 'componentType' 'Ljava/lang/Class;' @64  null (0x00000000)
 - private volatile transient 'reflectionData' 'Ljava/lang/ref/SoftReference;' @68  a 'java/lang/ref/SoftReference'{0x0000000708abd688} (0xe1157ad1)
 - private volatile transient 'genericInfo' 'Lsun/reflect/generics/repository/ClassRepository;' @72  null (0x00000000)
 - private volatile transient 'enumConstants' '[Ljava/lang/Object;' @76  null (0x00000000)
 - private volatile transient 'enumConstantDirectory' 'Ljava/util/Map;' @80  null (0x00000000)
 - private volatile transient 'annotationData' 'Ljava/lang/Class$AnnotationData;' @84  a 'java/lang/Class$AnnotationData'{0x0000000708abe278} (0xe1157c4f)
 - private volatile transient 'annotationType' 'Lsun/reflect/annotation/AnnotationType;' @88  null (0x00000000)
 - transient 'classValueMap' 'Ljava/lang/ClassValue$ClassValueMap;' @92  null (0x00000000)
 - injected 'protection_domain' 'Ljava/lang/Object;' @96  a 'java/security/ProtectionDomain'{0x000000070a65df70} (0xe14cbbee)
 - injected 'signers_name' 'Ljava/lang/Object;' @100  null (0x00000000)
 - injected 'source_file' 'Ljava/lang/Object;' @104  null (0x00000000)
 - signature: Lcom/in/main/controller/PresentationController;
 - ---- static fields (0):
stack at sp + 6 slots: 0x0000000703946828 is an oop: java.lang.Class 
{0x0000000703946828} - klass: 'java/lang/Class'
 - ---- fields (total size 14 words):
 - private volatile transient 'classRedefinedCount' 'I' @12  0 (0x00000000)
 - injected 'klass' 'J' @16  34359945312 (0x0000000800032860)
 - injected 'array_klass' 'J' @24  0 (0x0000000000000000)
 - injected 'oop_size' 'I' @32  14 (0x0000000e)
 - injected 'static_oop_field_count' 'I' @36  0 (0x00000000)
 - private volatile transient 'cachedConstructor' 'Ljava/lang/reflect/Constructor;' @40  null (0x00000000)
 - private transient 'name' 'Ljava/lang/String;' @44  null (0x00000000)
 - private transient 'module' 'Ljava/lang/Module;' @48  a 'java/lang/Module'{0x000000070393b1d0} (0xe072763a)
 - private final 'classLoader' 'Ljava/lang/ClassLoader;' @52  null (0x00000000)
 - private transient 'classData' 'Ljava/lang/Object;' @56  null (0x00000000)
 - private transient 'packageName' 'Ljava/lang/String;' @60  null (0x00000000)
 - private final 'componentType' 'Ljava/lang/Class;' @64  null (0x00000000)
 - private volatile transient 'reflectionData' 'Ljava/lang/ref/SoftReference;' @68  null (0x00000000)
 - private volatile transient 'genericInfo' 'Lsun/reflect/generics/repository/ClassRepository;' @72  null (0x00000000)
 - private volatile transient 'enumConstants' '[Ljava/lang/Object;' @76  null (0x00000000)
 - private volatile transient 'enumConstantDirectory' 'Ljava/util/Map;' @80  null (0x00000000)
 - private volatile transient 'annotationData' 'Ljava/lang/Class$AnnotationData;' @84  null (0x00000000)
 - private volatile transient 'annotationType' 'Lsun/reflect/annotation/AnnotationType;' @88  null (0x00000000)
 - transient 'classValueMap' 'Ljava/lang/ClassValue$ClassValueMap;' @92  null (0x00000000)
 - injected 'protection_domain' 'Ljava/lang/Object;' @96  null (0x00000000)
 - injected 'signers_name' 'Ljava/lang/Object;' @100  null (0x00000000)
 - injected 'source_file' 'Ljava/lang/Object;' @104  null (0x00000000)
 - signature: Ljava/lang/invoke/DirectMethodHandle$Holder;
 - ---- static fields (0):
stack at sp + 7 slots: {method} {0x000001d1303e7390} 'newInvokeSpecial' '(Ljava/lang/Object;)Ljava/lang/Object;' in 'java/lang/invoke/DirectMethodHandle$Holder'

MethodHandle::interpreter_entry::_linkToSpecial [0x000001d1240e100c, 0x000001d1240e105b] (79 bytes)
[MachCode]
  0x000001d1240e100c: 6666 660f | 1f84 0000 | 0000 0066 | 6666 900f | 1f44 0000 | 488b 5308 | 0fb7 522e | 488b 0cd4 
  0x000001d1240e102c: 585b 5048 | 3b01 8b5b | 2448 c1e3 | 0348 8b5b | 1048 85db | 0f84 1000 | 0000 4180 | bfe0 0500 
  0x000001d1240e104c: 0000 7403 | ff63 38ff | 6350 e9a5 | 
[/MachCode]

---------------  P R O C E S S  ---------------

Threads class SMR info:
_java_thread_list=0x000001d1355e3c90, length=27, elements={
0x000001d12f86f050, 0x000001d12f849fc0, 0x000001d12f880de0, 0x000001d12f881d30,
0x000001d12f877fe0, 0x000001d12f882b90, 0x000001d12f84f660, 0x000001d12f8e89c0,
0x000001d12fb01a80, 0x000001d12fb23580, 0x000001d12fb23c00, 0x000001d134874770,
0x000001d134a1d380, 0x000001d134a425b0, 0x000001d134a64aa0, 0x000001d134a72320,
0x000001d134aa0ea0, 0x000001d134aa2530, 0x000001d13509f770, 0x000001d13c153280,
0x000001d13c4e3db0, 0x000001d13c4e78c0, 0x000001d13c4e5e80, 0x000001d13c4e4440,
0x000001d13c4e4ad0, 0x000001d13c4e57f0, 0x000001d13c4e3720
}

Java Threads: ( => current thread )
  0x000001d12f86f050 JavaThread "Reference Handler"          daemon [_thread_blocked, id=13456, stack(0x000000ab84000000,0x000000ab84100000) (1024K)]
  0x000001d12f849fc0 JavaThread "Finalizer"                  daemon [_thread_blocked, id=14700, stack(0x000000ab84100000,0x000000ab84200000) (1024K)]
  0x000001d12f880de0 JavaThread "Signal Dispatcher"          daemon [_thread_blocked, id=12016, stack(0x000000ab84200000,0x000000ab84300000) (1024K)]
  0x000001d12f881d30 JavaThread "Attach Listener"            daemon [_thread_blocked, id=14104, stack(0x000000ab84300000,0x000000ab84400000) (1024K)]
  0x000001d12f877fe0 JavaThread "Service Thread"             daemon [_thread_blocked, id=7896, stack(0x000000ab84400000,0x000000ab84500000) (1024K)]
  0x000001d12f882b90 JavaThread "Monitor Deflation Thread"   daemon [_thread_blocked, id=2144, stack(0x000000ab84500000,0x000000ab84600000) (1024K)]
  0x000001d12f84f660 JavaThread "C1 CompilerThread0"         daemon [_thread_blocked, id=13640, stack(0x000000ab84600000,0x000000ab84700000) (1024K)]
  0x000001d12f8e89c0 JavaThread "Common-Cleaner"             daemon [_thread_blocked, id=13380, stack(0x000000ab84700000,0x000000ab84800000) (1024K)]
  0x000001d12fb01a80 JavaThread "JDWP Transport Listener: dt_socket" daemon [_thread_blocked, id=15348, stack(0x000000ab84a00000,0x000000ab84b00000) (1024K)]
  0x000001d12fb23580 JavaThread "JDWP Event Helper Thread"   daemon [_thread_blocked, id=11168, stack(0x000000ab84b00000,0x000000ab84c00000) (1024K)]
  0x000001d12fb23c00 JavaThread "JDWP Command Reader"        daemon [_thread_in_native, id=8208, stack(0x000000ab84c00000,0x000000ab84d00000) (1024K)]
  0x000001d134874770 JavaThread "Notification Thread"        daemon [_thread_blocked, id=14612, stack(0x000000ab84d00000,0x000000ab84e00000) (1024K)]
  0x000001d134a1d380 JavaThread "RMI TCP Accept-0"           daemon [_thread_in_native, id=10020, stack(0x000000ab85600000,0x000000ab85700000) (1024K)]
  0x000001d134a425b0 JavaThread "RMI TCP Accept-64424"       daemon [_thread_in_native, id=14348, stack(0x000000ab85700000,0x000000ab85800000) (1024K)]
  0x000001d134a64aa0 JavaThread "RMI Scheduler(0)"           daemon [_thread_blocked, id=8984, stack(0x000000ab85900000,0x000000ab85a00000) (1024K)]
  0x000001d134a72320 JavaThread "RMI TCP Connection(idle)"   daemon [_thread_blocked, id=15032, stack(0x000000ab85a00000,0x000000ab85b00000) (1024K)]
  0x000001d134aa0ea0 JavaThread "RMI TCP Accept-0"           daemon [_thread_in_native, id=14432, stack(0x000000ab85b00000,0x000000ab85c00000) (1024K)]
  0x000001d134aa2530 JavaThread "JMX server connection timeout 38" daemon [_thread_blocked, id=2552, stack(0x000000ab85c00000,0x000000ab85d00000) (1024K)]
  0x000001d13509f770 JavaThread "mysql-cj-abandoned-connection-cleanup" daemon [_thread_blocked, id=10736, stack(0x000000ab86600000,0x000000ab86700000) (1024K)]
  0x000001d13c153280 JavaThread "Live Reload Server"         daemon [_thread_in_native, id=1608, stack(0x000000ab86c00000,0x000000ab86d00000) (1024K)]
  0x000001d13c4e3db0 JavaThread "DestroyJavaVM"                     [_thread_blocked, id=11272, stack(0x000000ab83800000,0x000000ab83900000) (1024K)]
  0x000001d13c4e78c0 JavaThread "Thread-5"                          [_thread_blocked, id=9608, stack(0x000000ab83500000,0x000000ab83600000) (1024K)]
=>0x000001d13c4e5e80 JavaThread "restartedMain"                     [_thread_in_Java, id=10836, stack(0x000000ab83600000,0x000000ab83700000) (1024K)]
  0x000001d13c4e4440 JavaThread "Catalina-utility-1"                [_thread_blocked, id=12228, stack(0x000000ab84900000,0x000000ab84a00000) (1024K)]
  0x000001d13c4e4ad0 JavaThread "Catalina-utility-2"                [_thread_blocked, id=13932, stack(0x000000ab85800000,0x000000ab85900000) (1024K)]
  0x000001d13c4e57f0 JavaThread "container-0"                       [_thread_blocked, id=9328, stack(0x000000ab85e00000,0x000000ab85f00000) (1024K)]
  0x000001d13c4e3720 JavaThread "HikariPool-2 housekeeper"   daemon [_thread_blocked, id=13484, stack(0x000000ab85f00000,0x000000ab86000000) (1024K)]
Total: 27

Other Threads:
  0x000001d12f7f9420 VMThread "VM Thread"                           [id=9884, stack(0x000000ab83f00000,0x000000ab84000000) (1024K)]
  0x000001d12f75ad20 WatcherThread "VM Periodic Task Thread"        [id=7948, stack(0x000000ab83e00000,0x000000ab83f00000) (1024K)]
  0x000001d1205b3990 WorkerThread "GC Thread#0"                     [id=2404, stack(0x000000ab83900000,0x000000ab83a00000) (1024K)]
  0x000001d134a110c0 WorkerThread "GC Thread#1"                     [id=5580, stack(0x000000ab84e00000,0x000000ab84f00000) (1024K)]
  0x000001d134a11460 WorkerThread "GC Thread#2"                     [id=6152, stack(0x000000ab84f00000,0x000000ab85000000) (1024K)]
  0x000001d134a11800 WorkerThread "GC Thread#3"                     [id=14960, stack(0x000000ab85000000,0x000000ab85100000) (1024K)]
  0x000001d134a11ba0 WorkerThread "GC Thread#4"                     [id=5412, stack(0x000000ab85100000,0x000000ab85200000) (1024K)]
  0x000001d134a11f40 WorkerThread "GC Thread#5"                     [id=3040, stack(0x000000ab85200000,0x000000ab85300000) (1024K)]
  0x000001d134a39bf0 WorkerThread "GC Thread#6"                     [id=5212, stack(0x000000ab85300000,0x000000ab85400000) (1024K)]
  0x000001d134a3a7a0 WorkerThread "GC Thread#7"                     [id=2788, stack(0x000000ab85400000,0x000000ab85500000) (1024K)]
  0x000001d134a3ab40 WorkerThread "GC Thread#8"                     [id=13336, stack(0x000000ab85500000,0x000000ab85600000) (1024K)]
  0x000001d134ffe850 WorkerThread "GC Thread#9"                     [id=13808, stack(0x000000ab85d00000,0x000000ab85e00000) (1024K)]
  0x000001d1205c5ba0 ConcurrentGCThread "G1 Main Marker"            [id=14476, stack(0x000000ab83a00000,0x000000ab83b00000) (1024K)]
  0x000001d1205c6d50 WorkerThread "G1 Conc#0"                       [id=14080, stack(0x000000ab83b00000,0x000000ab83c00000) (1024K)]
  0x000001d134ffebf0 WorkerThread "G1 Conc#1"                       [id=6444, stack(0x000000ab86000000,0x000000ab86100000) (1024K)]
  0x000001d134ffe110 WorkerThread "G1 Conc#2"                       [id=3588, stack(0x000000ab86100000,0x000000ab86200000) (1024K)]
  0x000001d12f62d760 ConcurrentGCThread "G1 Refine#0"               [id=14744, stack(0x000000ab83c00000,0x000000ab83d00000) (1024K)]
  0x000001d12f62f090 ConcurrentGCThread "G1 Service"                [id=5972, stack(0x000000ab83d00000,0x000000ab83e00000) (1024K)]
Total: 18

Threads with active compile tasks:
Total: 0

VM state: not at safepoint (normal execution)

VM Mutex/Monitor currently owned by a thread: None

Heap address: 0x0000000703600000, size: 4042 MB, Compressed Oops mode: Zero based, Oop shift amount: 3

CDS archive(s) not mapped
Compressed class space mapped at: 0x0000000800000000-0x0000000840000000, reserved size: 1073741824
Narrow klass base: 0x0000000800000000, Narrow klass shift: 0, Narrow klass range: 0x40000000

GC Precious Log:
 CardTable entry size: 512
 Card Set container configuration: InlinePtr #cards 4 size 8 Array Of Cards #cards 16 size 48 Howl #buckets 8 coarsen threshold 3686 Howl Bitmap #cards 512 size 80 coarsen threshold 460 Card regions per heap region 1 cards per card region 4096
 CPUs: 12 total, 12 available
 Memory: 16165M
 Large Page Support: Disabled
 NUMA Support: Disabled
 Compressed Oops: Enabled (Zero based)
 Heap Region Size: 2M
 Heap Min Capacity: 8M
 Heap Initial Capacity: 254M
 Heap Max Capacity: 4042M
 Pre-touch: Disabled
 Parallel Workers: 10
 Concurrent Workers: 3
 Concurrent Refinement Workers: 10
 Periodic GC: Disabled

Heap:
 garbage-first heap   total 116736K, used 91570K [0x0000000703600000, 0x0000000800000000)
  region size 2048K, 33 young (67584K), 0 survivors (0K)
 Metaspace       used 93071K, committed 93824K, reserved 1179648K
  class space    used 12579K, committed 12928K, reserved 1048576K

Heap Regions: E=young(eden), S=young(survivor), O=old, HS=humongous(starts), HC=humongous(continues), CS=collection set, F=free, TAMS=top-at-mark-start, PB=parsable bottom
|   0|0x0000000703600000, 0x0000000703800000, 0x0000000703800000|100%| O|  |TAMS 0x0000000703600000| PB 0x0000000703600000| Untracked 
|   1|0x0000000703800000, 0x00000007039fffc8, 0x0000000703a00000| 99%| O|  |TAMS 0x0000000703800000| PB 0x0000000703800000| Untracked 
|   2|0x0000000703a00000, 0x0000000703c00000, 0x0000000703c00000|100%| O|  |TAMS 0x0000000703a00000| PB 0x0000000703a00000| Untracked 
|   3|0x0000000703c00000, 0x0000000703dce758, 0x0000000703e00000| 90%| O|  |TAMS 0x0000000703c00000| PB 0x0000000703c00000| Untracked 
|   4|0x0000000703e00000, 0x0000000704000000, 0x0000000704000000|100%| O|  |TAMS 0x0000000703e00000| PB 0x0000000703e00000| Untracked 
|   5|0x0000000704000000, 0x00000007041ffff0, 0x0000000704200000| 99%| O|  |TAMS 0x0000000704000000| PB 0x0000000704000000| Untracked 
|   6|0x0000000704200000, 0x00000007043fffe0, 0x0000000704400000| 99%| O|  |TAMS 0x0000000704200000| PB 0x0000000704200000| Untracked 
|   7|0x0000000704400000, 0x00000007045ff5e0, 0x0000000704600000| 99%| O|  |TAMS 0x0000000704400000| PB 0x0000000704400000| Untracked 
|   8|0x0000000704600000, 0x00000007047ffff8, 0x0000000704800000| 99%| O|  |TAMS 0x0000000704600000| PB 0x0000000704600000| Untracked 
|   9|0x0000000704800000, 0x0000000704a00000, 0x0000000704a00000|100%| O|  |TAMS 0x0000000704800000| PB 0x0000000704800000| Untracked 
|  10|0x0000000704a00000, 0x0000000704b96d80, 0x0000000704c00000| 79%| O|  |TAMS 0x0000000704a00000| PB 0x0000000704a00000| Untracked 
|  11|0x0000000704c00000, 0x0000000704dffff8, 0x0000000704e00000| 99%| O|  |TAMS 0x0000000704c00000| PB 0x0000000704c00000| Untracked 
|  12|0x0000000704e00000, 0x0000000704ffffe8, 0x0000000705000000| 99%| O|  |TAMS 0x0000000704e00000| PB 0x0000000704e00000| Untracked 
|  13|0x0000000705000000, 0x0000000705127b70, 0x0000000705200000| 57%| O|  |TAMS 0x0000000705000000| PB 0x0000000705000000| Untracked 
|  14|0x0000000705200000, 0x00000007052c2368, 0x0000000705400000| 37%| O|  |TAMS 0x0000000705200000| PB 0x0000000705200000| Untracked 
|  15|0x0000000705400000, 0x0000000705400000, 0x0000000705600000|  0%| F|  |TAMS 0x0000000705400000| PB 0x0000000705400000| Untracked 
|  16|0x0000000705600000, 0x0000000705610130, 0x0000000705800000|  3%| O|  |TAMS 0x0000000705600000| PB 0x0000000705600000| Untracked 
|  17|0x0000000705800000, 0x000000070580df38, 0x0000000705a00000|  2%| O|  |TAMS 0x0000000705800000| PB 0x0000000705800000| Untracked 
|  18|0x0000000705a00000, 0x0000000705a00000, 0x0000000705c00000|  0%| F|  |TAMS 0x0000000705a00000| PB 0x0000000705a00000| Untracked 
|  19|0x0000000705c00000, 0x0000000705c00000, 0x0000000705e00000|  0%| F|  |TAMS 0x0000000705c00000| PB 0x0000000705c00000| Untracked 
|  20|0x0000000705e00000, 0x0000000705e00000, 0x0000000706000000|  0%| F|  |TAMS 0x0000000705e00000| PB 0x0000000705e00000| Untracked 
|  21|0x0000000706000000, 0x0000000706000000, 0x0000000706200000|  0%| F|  |TAMS 0x0000000706000000| PB 0x0000000706000000| Untracked 
|  22|0x0000000706200000, 0x0000000706200000, 0x0000000706400000|  0%| F|  |TAMS 0x0000000706200000| PB 0x0000000706200000| Untracked 
|  23|0x0000000706400000, 0x0000000706400000, 0x0000000706600000|  0%| F|  |TAMS 0x0000000706400000| PB 0x0000000706400000| Untracked 
|  24|0x0000000706600000, 0x0000000706762f28, 0x0000000706800000| 69%| E|  |TAMS 0x0000000706600000| PB 0x0000000706600000| Complete 
|  25|0x0000000706800000, 0x0000000706a00000, 0x0000000706a00000|100%| E|CS|TAMS 0x0000000706800000| PB 0x0000000706800000| Complete 
|  26|0x0000000706a00000, 0x0000000706c00000, 0x0000000706c00000|100%| E|CS|TAMS 0x0000000706a00000| PB 0x0000000706a00000| Complete 
|  27|0x0000000706c00000, 0x0000000706e00000, 0x0000000706e00000|100%| E|CS|TAMS 0x0000000706c00000| PB 0x0000000706c00000| Complete 
|  28|0x0000000706e00000, 0x0000000707000000, 0x0000000707000000|100%| E|CS|TAMS 0x0000000706e00000| PB 0x0000000706e00000| Complete 
|  29|0x0000000707000000, 0x0000000707200000, 0x0000000707200000|100%| E|  |TAMS 0x0000000707000000| PB 0x0000000707000000| Complete 
|  30|0x0000000707200000, 0x0000000707400000, 0x0000000707400000|100%| E|CS|TAMS 0x0000000707200000| PB 0x0000000707200000| Complete 
|  31|0x0000000707400000, 0x0000000707600000, 0x0000000707600000|100%| E|CS|TAMS 0x0000000707400000| PB 0x0000000707400000| Complete 
|  32|0x0000000707600000, 0x0000000707800000, 0x0000000707800000|100%| E|CS|TAMS 0x0000000707600000| PB 0x0000000707600000| Complete 
|  33|0x0000000707800000, 0x0000000707a00000, 0x0000000707a00000|100%| E|CS|TAMS 0x0000000707800000| PB 0x0000000707800000| Complete 
|  34|0x0000000707a00000, 0x0000000707c00000, 0x0000000707c00000|100%| E|CS|TAMS 0x0000000707a00000| PB 0x0000000707a00000| Complete 
|  35|0x0000000707c00000, 0x0000000707e00000, 0x0000000707e00000|100%| E|CS|TAMS 0x0000000707c00000| PB 0x0000000707c00000| Complete 
|  36|0x0000000707e00000, 0x0000000708000000, 0x0000000708000000|100%| E|CS|TAMS 0x0000000707e00000| PB 0x0000000707e00000| Complete 
|  37|0x0000000708000000, 0x0000000708200000, 0x0000000708200000|100%| E|CS|TAMS 0x0000000708000000| PB 0x0000000708000000| Complete 
|  38|0x0000000708200000, 0x0000000708400000, 0x0000000708400000|100%| E|CS|TAMS 0x0000000708200000| PB 0x0000000708200000| Complete 
|  39|0x0000000708400000, 0x0000000708600000, 0x0000000708600000|100%| E|CS|TAMS 0x0000000708400000| PB 0x0000000708400000| Complete 
|  40|0x0000000708600000, 0x0000000708800000, 0x0000000708800000|100%| E|CS|TAMS 0x0000000708600000| PB 0x0000000708600000| Complete 
|  41|0x0000000708800000, 0x0000000708a00000, 0x0000000708a00000|100%| E|CS|TAMS 0x0000000708800000| PB 0x0000000708800000| Complete 
|  42|0x0000000708a00000, 0x0000000708c00000, 0x0000000708c00000|100%| E|CS|TAMS 0x0000000708a00000| PB 0x0000000708a00000| Complete 
|  43|0x0000000708c00000, 0x0000000708e00000, 0x0000000708e00000|100%| E|CS|TAMS 0x0000000708c00000| PB 0x0000000708c00000| Complete 
|  44|0x0000000708e00000, 0x0000000709000000, 0x0000000709000000|100%| E|CS|TAMS 0x0000000708e00000| PB 0x0000000708e00000| Complete 
|  45|0x0000000709000000, 0x0000000709200000, 0x0000000709200000|100%| E|CS|TAMS 0x0000000709000000| PB 0x0000000709000000| Complete 
|  46|0x0000000709200000, 0x0000000709400000, 0x0000000709400000|100%| E|CS|TAMS 0x0000000709200000| PB 0x0000000709200000| Complete 
|  47|0x0000000709400000, 0x0000000709600000, 0x0000000709600000|100%| E|CS|TAMS 0x0000000709400000| PB 0x0000000709400000| Complete 
|  48|0x0000000709600000, 0x0000000709800000, 0x0000000709800000|100%| E|CS|TAMS 0x0000000709600000| PB 0x0000000709600000| Complete 
|  49|0x0000000709800000, 0x0000000709a00000, 0x0000000709a00000|100%| E|CS|TAMS 0x0000000709800000| PB 0x0000000709800000| Complete 
|  50|0x0000000709a00000, 0x0000000709c00000, 0x0000000709c00000|100%| E|CS|TAMS 0x0000000709a00000| PB 0x0000000709a00000| Complete 
|  51|0x0000000709c00000, 0x0000000709e00000, 0x0000000709e00000|100%| E|CS|TAMS 0x0000000709c00000| PB 0x0000000709c00000| Complete 
|  52|0x0000000709e00000, 0x000000070a000000, 0x000000070a000000|100%| E|CS|TAMS 0x0000000709e00000| PB 0x0000000709e00000| Complete 
|  53|0x000000070a000000, 0x000000070a200000, 0x000000070a200000|100%| E|CS|TAMS 0x000000070a000000| PB 0x000000070a000000| Complete 
|  54|0x000000070a200000, 0x000000070a400000, 0x000000070a400000|100%| E|CS|TAMS 0x000000070a200000| PB 0x000000070a200000| Complete 
|  55|0x000000070a400000, 0x000000070a600000, 0x000000070a600000|100%| E|CS|TAMS 0x000000070a400000| PB 0x000000070a400000| Complete 
|  56|0x000000070a600000, 0x000000070a800000, 0x000000070a800000|100%| E|CS|TAMS 0x000000070a600000| PB 0x000000070a600000| Complete 

Card table byte_map: [0x000001d128370000,0x000001d128b60000] _byte_map_base: 0x000001d124b55000

Marking Bits: (CMBitMap*) 0x000001d1205b3fa0
 Bits: [0x000001d128b60000, 0x000001d12ca88000)

Polling page: 0x000001d11eca0000

Metaspace:

Usage:
  Non-class:     78.61 MB used.
      Class:     12.28 MB used.
       Both:     90.89 MB used.

Virtual space:
  Non-class space:      128.00 MB reserved,      79.00 MB ( 62%) committed,  2 nodes.
      Class space:        1.00 GB reserved,      12.62 MB (  1%) committed,  1 nodes.
             Both:        1.12 GB reserved,      91.62 MB (  8%) committed. 

Chunk freelists:
   Non-Class:  1.05 MB
       Class:  3.25 MB
        Both:  4.30 MB

MaxMetaspaceSize: unlimited
CompressedClassSpaceSize: 1.00 GB
Initial GC threshold: 21.00 MB
Current GC threshold: 152.31 MB
CDS: off
 - commit_granule_bytes: 65536.
 - commit_granule_words: 8192.
 - virtual_space_node_default_size: 8388608.
 - enlarge_chunks_in_place: 1.
 - use_allocation_guard: 0.


Internal statistics:

num_allocs_failed_limit: 9.
num_arena_births: 1316.
num_arena_deaths: 376.
num_vsnodes_births: 3.
num_vsnodes_deaths: 0.
num_space_committed: 1465.
num_space_uncommitted: 0.
num_chunks_returned_to_freelist: 441.
num_chunks_taken_from_freelist: 4292.
num_chunk_merges: 118.
num_chunk_splits: 2988.
num_chunks_enlarged: 2329.
num_inconsistent_stats: 0.

CodeCache: size=49152Kb used=14711Kb max_used=15837Kb free=34440Kb
 bounds [0x000001d1240b0000, 0x000001d125030000, 0x000001d1270b0000]
 total_blobs=8502 nmethods=7736 adapters=687
 compilation: enabled
              stopped_count=0, restarted_count=0
 full_count=0

Compilation events (20 events):
Event: 252.962 Thread 0x000001d135b11c10 8177       1       com.mysql.cj.CoreSession::getExceptionInterceptor (5 bytes)
Event: 252.962 Thread 0x000001d135b100d0 8178       1       sun.security.ssl.SSLCipher$T13GcmWriteCipherGenerator$GcmWriteCipher::calculateFragmentSize (9 bytes)
Event: 252.962 Thread 0x000001d135b100d0 nmethod 8178 0x000001d125023790 code [0x000001d125023920, 0x000001d1250239f0]
Event: 252.962 Thread 0x000001d135b11c10 nmethod 8177 0x000001d125023a90 code [0x000001d125023c20, 0x000001d125023cf0]
Event: 252.994 Thread 0x000001d135b100d0 8179       1       org.hibernate.engine.jdbc.internal.DDLFormatterImpl::isBreak (10 bytes)
Event: 252.994 Thread 0x000001d135b100d0 nmethod 8179 0x000001d125023d90 code [0x000001d125023f40, 0x000001d1250240d0]
Event: 253.052 Thread 0x000001d135b11c10 8180       1       java.util.Formatter::<init> (15 bytes)
Event: 253.052 Thread 0x000001d135b100d0 8181       1       java.util.Formatter::format (11 bytes)
Event: 253.052 Thread 0x000001d12f84f660 8182       1       java.util.Formatter::parse (208 bytes)
Event: 253.052 Thread 0x000001d135b100d0 nmethod 8181 0x000001d125024210 code [0x000001d1250243c0, 0x000001d1250244c8]
Event: 253.052 Thread 0x000001d135b11c10 nmethod 8180 0x000001d125024590 code [0x000001d125024720, 0x000001d125024890]
Event: 253.052 Thread 0x000001d135b11c10 8183       1       java.util.Formatter::toString (14 bytes)
Event: 253.052 Thread 0x000001d135b11c10 nmethod 8183 0x000001d125024910 code [0x000001d125024ae0, 0x000001d125024c58]
Event: 253.052 Thread 0x000001d135b100d0 8184       1       com.mysql.cj.telemetry.TelemetrySpan::setAttribute (1 bytes)
Event: 253.052 Thread 0x000001d135b100d0 nmethod 8184 0x000001d125024d90 code [0x000001d125024f20, 0x000001d125024fe8]
Event: 253.053 Thread 0x000001d12f84f660 nmethod 8182 0x000001d125025090 code [0x000001d1250253e0, 0x000001d1250265b0]
Event: 253.113 Thread 0x000001d12f84f660 8185       1       org.hibernate.boot.model.relational.QualifiedNameParser$NameParts::getCatalogName (5 bytes)
Event: 253.113 Thread 0x000001d135b100d0 8186       1       org.hibernate.boot.model.relational.QualifiedNameParser$NameParts::getSchemaName (5 bytes)
Event: 253.113 Thread 0x000001d12f84f660 nmethod 8185 0x000001d125027190 code [0x000001d125027320, 0x000001d1250273f0]
Event: 253.113 Thread 0x000001d135b100d0 nmethod 8186 0x000001d125027490 code [0x000001d125027620, 0x000001d1250276f0]

GC Heap History (20 events):
Event: 2.527 GC heap before
{Heap before GC invocations=14 (full 0):
 garbage-first heap   total 83968K, used 67466K [0x0000000703600000, 0x0000000800000000)
  region size 2048K, 24 young (49152K), 2 survivors (4096K)
 Metaspace       used 58349K, committed 58944K, reserved 1114112K
  class space    used 7397K, committed 7680K, reserved 1048576K
}
Event: 2.530 GC heap after
{Heap after GC invocations=15 (full 0):
 garbage-first heap   total 83968K, used 24447K [0x0000000703600000, 0x0000000800000000)
  region size 2048K, 3 young (6144K), 3 survivors (6144K)
 Metaspace       used 58349K, committed 58944K, reserved 1114112K
  class space    used 7397K, committed 7680K, reserved 1048576K
}
Event: 2.587 GC heap before
{Heap before GC invocations=15 (full 0):
 garbage-first heap   total 83968K, used 38783K [0x0000000703600000, 0x0000000800000000)
  region size 2048K, 11 young (22528K), 3 survivors (6144K)
 Metaspace       used 59741K, committed 60288K, reserved 1114112K
  class space    used 7619K, committed 7872K, reserved 1048576K
}
Event: 2.589 GC heap after
{Heap after GC invocations=16 (full 0):
 garbage-first heap   total 83968K, used 24923K [0x0000000703600000, 0x0000000800000000)
  region size 2048K, 2 young (4096K), 2 survivors (4096K)
 Metaspace       used 59741K, committed 60288K, reserved 1114112K
  class space    used 7619K, committed 7872K, reserved 1048576K
}
Event: 2.803 GC heap before
{Heap before GC invocations=17 (full 0):
 garbage-first heap   total 83968K, used 67931K [0x0000000703600000, 0x0000000800000000)
  region size 2048K, 24 young (49152K), 2 survivors (4096K)
 Metaspace       used 63493K, committed 64064K, reserved 1114112K
  class space    used 8122K, committed 8384K, reserved 1048576K
}
Event: 2.806 GC heap after
{Heap after GC invocations=18 (full 0):
 garbage-first heap   total 83968K, used 25857K [0x0000000703600000, 0x0000000800000000)
  region size 2048K, 3 young (6144K), 3 survivors (6144K)
 Metaspace       used 63493K, committed 64064K, reserved 1114112K
  class space    used 8122K, committed 8384K, reserved 1048576K
}
Event: 2.992 GC heap before
{Heap before GC invocations=18 (full 0):
 garbage-first heap   total 83968K, used 66817K [0x0000000703600000, 0x0000000800000000)
  region size 2048K, 24 young (49152K), 3 survivors (6144K)
 Metaspace       used 68525K, committed 69120K, reserved 1114112K
  class space    used 8884K, committed 9152K, reserved 1048576K
}
Event: 2.997 GC heap after
{Heap after GC invocations=19 (full 0):
 garbage-first heap   total 102400K, used 26557K [0x0000000703600000, 0x0000000800000000)
  region size 2048K, 2 young (4096K), 2 survivors (4096K)
 Metaspace       used 68525K, committed 69120K, reserved 1114112K
  class space    used 8884K, committed 9152K, reserved 1048576K
}
Event: 3.658 GC heap before
{Heap before GC invocations=19 (full 0):
 garbage-first heap   total 102400K, used 83901K [0x0000000703600000, 0x0000000800000000)
  region size 2048K, 30 young (61440K), 2 survivors (4096K)
 Metaspace       used 73838K, committed 74560K, reserved 1114112K
  class space    used 9738K, committed 10048K, reserved 1048576K
}
Event: 3.664 GC heap after
{Heap after GC invocations=20 (full 0):
 garbage-first heap   total 102400K, used 27346K [0x0000000703600000, 0x0000000800000000)
  region size 2048K, 2 young (4096K), 2 survivors (4096K)
 Metaspace       used 73838K, committed 74560K, reserved 1114112K
  class space    used 9738K, committed 10048K, reserved 1048576K
}
Event: 3.952 GC heap before
{Heap before GC invocations=20 (full 0):
 garbage-first heap   total 102400K, used 84690K [0x0000000703600000, 0x0000000800000000)
  region size 2048K, 30 young (61440K), 2 survivors (4096K)
 Metaspace       used 79049K, committed 79744K, reserved 1179648K
  class space    used 10501K, committed 10816K, reserved 1048576K
}
Event: 3.957 GC heap after
{Heap after GC invocations=21 (full 0):
 garbage-first heap   total 102400K, used 29689K [0x0000000703600000, 0x0000000800000000)
  region size 2048K, 3 young (6144K), 3 survivors (6144K)
 Metaspace       used 79049K, committed 79744K, reserved 1179648K
  class space    used 10501K, committed 10816K, reserved 1048576K
}
Event: 4.148 GC heap before
{Heap before GC invocations=21 (full 0):
 garbage-first heap   total 102400K, used 82937K [0x0000000703600000, 0x0000000800000000)
  region size 2048K, 30 young (61440K), 3 survivors (6144K)
 Metaspace       used 81576K, committed 82304K, reserved 1179648K
  class space    used 10984K, committed 11328K, reserved 1048576K
}
Event: 4.151 GC heap after
{Heap after GC invocations=22 (full 0):
 garbage-first heap   total 102400K, used 32090K [0x0000000703600000, 0x0000000800000000)
  region size 2048K, 4 young (8192K), 4 survivors (8192K)
 Metaspace       used 81576K, committed 82304K, reserved 1179648K
  class space    used 10984K, committed 11328K, reserved 1048576K
}
Event: 4.408 GC heap before
{Heap before GC invocations=22 (full 0):
 garbage-first heap   total 102400K, used 85338K [0x0000000703600000, 0x0000000800000000)
  region size 2048K, 30 young (61440K), 4 survivors (8192K)
 Metaspace       used 85206K, committed 85952K, reserved 1179648K
  class space    used 11515K, committed 11840K, reserved 1048576K
}
Event: 4.413 GC heap after
{Heap after GC invocations=23 (full 0):
 garbage-first heap   total 102400K, used 34209K [0x0000000703600000, 0x0000000800000000)
  region size 2048K, 3 young (6144K), 3 survivors (6144K)
 Metaspace       used 85206K, committed 85952K, reserved 1179648K
  class space    used 11515K, committed 11840K, reserved 1048576K
}
Event: 99.914 GC heap before
{Heap before GC invocations=23 (full 0):
 garbage-first heap   total 102400K, used 85409K [0x0000000703600000, 0x0000000800000000)
  region size 2048K, 29 young (59392K), 3 survivors (6144K)
 Metaspace       used 89564K, committed 90432K, reserved 1179648K
  class space    used 12106K, committed 12480K, reserved 1048576K
}
Event: 99.918 GC heap after
{Heap after GC invocations=24 (full 0):
 garbage-first heap   total 122880K, used 36094K [0x0000000703600000, 0x0000000800000000)
  region size 2048K, 3 young (6144K), 3 survivors (6144K)
 Metaspace       used 89564K, committed 90432K, reserved 1179648K
  class space    used 12106K, committed 12480K, reserved 1048576K
}
Event: 251.321 GC heap before
{Heap before GC invocations=24 (full 0):
 garbage-first heap   total 122880K, used 75006K [0x0000000703600000, 0x0000000800000000)
  region size 2048K, 24 young (49152K), 3 survivors (6144K)
 Metaspace       used 92795K, committed 93568K, reserved 1179648K
  class space    used 12579K, committed 12928K, reserved 1048576K
}
Event: 251.347 GC heap after
{Heap after GC invocations=25 (full 1):
 garbage-first heap   total 116736K, used 28082K [0x0000000703600000, 0x0000000800000000)
  region size 2048K, 0 young (0K), 0 survivors (0K)
 Metaspace       used 92426K, committed 93568K, reserved 1179648K
  class space    used 12484K, committed 12928K, reserved 1048576K
}

Dll operation events (12 events):
Event: 0.005 Loaded shared library E:\application\jar file\spring\sts-4.24.0.RELEASE\plugins\org.eclipse.justj.openjdk.hotspot.jre.full.win32.x86_64_21.0.3.v20240426-1530\jre\bin\java.dll
Event: 0.008 Loaded shared library E:\application\jar file\spring\sts-4.24.0.RELEASE\plugins\org.eclipse.justj.openjdk.hotspot.jre.full.win32.x86_64_21.0.3.v20240426-1530\jre\bin\zip.dll
Event: 0.205 Loaded shared library E:\application\jar file\spring\sts-4.24.0.RELEASE\plugins\org.eclipse.justj.openjdk.hotspot.jre.full.win32.x86_64_21.0.3.v20240426-1530\jre\bin\instrument.dll
Event: 0.211 Loaded shared library E:\application\jar file\spring\sts-4.24.0.RELEASE\plugins\org.eclipse.justj.openjdk.hotspot.jre.full.win32.x86_64_21.0.3.v20240426-1530\jre\bin\net.dll
Event: 0.212 Loaded shared library E:\application\jar file\spring\sts-4.24.0.RELEASE\plugins\org.eclipse.justj.openjdk.hotspot.jre.full.win32.x86_64_21.0.3.v20240426-1530\jre\bin\nio.dll
Event: 0.217 Loaded shared library E:\application\jar file\spring\sts-4.24.0.RELEASE\plugins\org.eclipse.justj.openjdk.hotspot.jre.full.win32.x86_64_21.0.3.v20240426-1530\jre\bin\zip.dll
Event: 0.303 Loaded shared library E:\application\jar file\spring\sts-4.24.0.RELEASE\plugins\org.eclipse.justj.openjdk.hotspot.jre.full.win32.x86_64_21.0.3.v20240426-1530\jre\bin\jimage.dll
Event: 0.332 Loaded shared library E:\application\jar file\spring\sts-4.24.0.RELEASE\plugins\org.eclipse.justj.openjdk.hotspot.jre.full.win32.x86_64_21.0.3.v20240426-1530\jre\bin\management.dll
Event: 0.339 Loaded shared library E:\application\jar file\spring\sts-4.24.0.RELEASE\plugins\org.eclipse.justj.openjdk.hotspot.jre.full.win32.x86_64_21.0.3.v20240426-1530\jre\bin\management_ext.dll
Event: 0.470 Loaded shared library E:\application\jar file\spring\sts-4.24.0.RELEASE\plugins\org.eclipse.justj.openjdk.hotspot.jre.full.win32.x86_64_21.0.3.v20240426-1530\jre\bin\extnet.dll
Event: 0.485 Loaded shared library E:\application\jar file\spring\sts-4.24.0.RELEASE\plugins\org.eclipse.justj.openjdk.hotspot.jre.full.win32.x86_64_21.0.3.v20240426-1530\jre\bin\verify.dll
Event: 1.222 Loaded shared library E:\application\jar file\spring\sts-4.24.0.RELEASE\plugins\org.eclipse.justj.openjdk.hotspot.jre.full.win32.x86_64_21.0.3.v20240426-1530\jre\bin\sunmscapi.dll

Deoptimization events (20 events):
Event: 253.116 Thread 0x000001d13c4e5e80 DEOPT PACKING pc=0x000001d1248b006c sp=0x000000ab836fc710
Event: 253.116 Thread 0x000001d13c4e5e80 DEOPT UNPACKING pc=0x000001d124104e42 sp=0x000000ab836fbc48 mode 1
Event: 253.116 Thread 0x000001d13c4e5e80 DEOPT PACKING pc=0x000001d1248b1074 sp=0x000000ab836fc800
Event: 253.116 Thread 0x000001d13c4e5e80 DEOPT UNPACKING pc=0x000001d124104e42 sp=0x000000ab836fbdb0 mode 1
Event: 253.116 Thread 0x000001d13c4e5e80 DEOPT PACKING pc=0x000001d1248ae3ac sp=0x000000ab836fc970
Event: 253.116 Thread 0x000001d13c4e5e80 DEOPT UNPACKING pc=0x000001d124104e42 sp=0x000000ab836fbf30 mode 1
Event: 253.120 Thread 0x000001d13c4e5e80 DEOPT PACKING pc=0x000001d1248b006c sp=0x000000ab836fc970
Event: 253.120 Thread 0x000001d13c4e5e80 DEOPT UNPACKING pc=0x000001d124104e42 sp=0x000000ab836fbea8 mode 1
Event: 253.120 Thread 0x000001d13c4e5e80 DEOPT PACKING pc=0x000001d1248b1074 sp=0x000000ab836fca60
Event: 253.120 Thread 0x000001d13c4e5e80 DEOPT UNPACKING pc=0x000001d124104e42 sp=0x000000ab836fc010 mode 1
Event: 253.120 Thread 0x000001d13c4e5e80 DEOPT PACKING pc=0x000001d1248ae3ac sp=0x000000ab836fcbd0
Event: 253.120 Thread 0x000001d13c4e5e80 DEOPT UNPACKING pc=0x000001d124104e42 sp=0x000000ab836fc190 mode 1
Event: 279.820 Thread 0x000001d13c4e5e80 DEOPT PACKING pc=0x000001d124458334 sp=0x000000ab836fd8a0
Event: 279.820 Thread 0x000001d13c4e5e80 DEOPT UNPACKING pc=0x000001d124104e42 sp=0x000000ab836fcd58 mode 0
Event: 279.828 Thread 0x000001d12fb01a80 DEOPT PACKING pc=0x000001d1248b006c sp=0x000000ab84afb390
Event: 279.828 Thread 0x000001d12fb01a80 DEOPT UNPACKING pc=0x000001d124104e42 sp=0x000000ab84afa8c8 mode 1
Event: 279.828 Thread 0x000001d12fb01a80 DEOPT PACKING pc=0x000001d1248b1074 sp=0x000000ab84afb480
Event: 279.828 Thread 0x000001d12fb01a80 DEOPT UNPACKING pc=0x000001d124104e42 sp=0x000000ab84afaa30 mode 1
Event: 279.828 Thread 0x000001d12fb01a80 DEOPT PACKING pc=0x000001d1248ae3ac sp=0x000000ab84afb5f0
Event: 279.828 Thread 0x000001d12fb01a80 DEOPT UNPACKING pc=0x000001d124104e42 sp=0x000000ab84afabb0 mode 1

Classes loaded (20 events):
Event: 99.921 Loading class javax/xml/datatype/XMLGregorianCalendar
Event: 99.921 Loading class javax/xml/datatype/XMLGregorianCalendar done
Event: 251.237 Loading class java/util/concurrent/locks/AbstractQueuedSynchronizer$SharedNode
Event: 251.237 Loading class java/util/concurrent/locks/AbstractQueuedSynchronizer$SharedNode done
Event: 251.309 Loading class java/util/AbstractMap$2
Event: 251.310 Loading class java/util/AbstractMap$2 done
Event: 251.310 Loading class java/util/AbstractMap$2$1
Event: 251.310 Loading class java/util/AbstractMap$2$1 done
Event: 251.312 Loading class sun/security/ssl/Alert
Event: 251.312 Loading class sun/security/ssl/Alert done
Event: 251.312 Loading class sun/security/ssl/Alert$AlertConsumer
Event: 251.313 Loading class sun/security/ssl/Alert$AlertConsumer done
Event: 251.313 Loading class sun/security/ssl/Alert$Level
Event: 251.313 Loading class sun/security/ssl/Alert$Level done
Event: 251.313 Loading class sun/net/ConnectionResetException
Event: 251.313 Loading class sun/net/ConnectionResetException done
Event: 251.347 Loading class java/lang/ref/Finalizer$2
Event: 251.347 Loading class java/lang/ref/Finalizer$2 done
Event: 251.348 Loading class java/lang/ref/Finalizer$1
Event: 251.348 Loading class java/lang/ref/Finalizer$1 done

Classes unloaded (20 events):
Event: 251.329 Thread 0x000001d12f7f9420 Unloading class 0x0000000800189400 'java/lang/invoke/LambdaForm$MH+0x0000000800189400'
Event: 251.329 Thread 0x000001d12f7f9420 Unloading class 0x0000000800188800 'jdk/internal/reflect/GeneratedSerializationConstructorAccessor6'
Event: 251.329 Thread 0x000001d12f7f9420 Unloading class 0x0000000800185800 'java/lang/invoke/LambdaForm$MH+0x0000000800185800'
Event: 251.329 Thread 0x000001d12f7f9420 Unloading class 0x000000080014b400 'java/lang/invoke/LambdaForm$MH+0x000000080014b400'
Event: 251.329 Thread 0x000001d12f7f9420 Unloading class 0x000000080014ac00 'java/lang/invoke/LambdaForm$MH+0x000000080014ac00'
Event: 251.329 Thread 0x000001d12f7f9420 Unloading class 0x000000080014a400 'jdk/internal/reflect/GeneratedSerializationConstructorAccessor3'
Event: 251.329 Thread 0x000001d12f7f9420 Unloading class 0x000000080014a000 'jdk/internal/reflect/GeneratedSerializationConstructorAccessor2'
Event: 251.329 Thread 0x000001d12f7f9420 Unloading class 0x0000000800149c00 'jdk/internal/reflect/GeneratedSerializationConstructorAccessor1'
Event: 251.329 Thread 0x000001d12f7f9420 Unloading class 0x0000000800148c00 'java/lang/invoke/LambdaForm$DMH+0x0000000800148c00'
Event: 251.329 Thread 0x000001d12f7f9420 Unloading class 0x0000000800148400 'java/lang/invoke/LambdaForm$DMH+0x0000000800148400'
Event: 251.329 Thread 0x000001d12f7f9420 Unloading class 0x0000000800147c00 'java/lang/invoke/LambdaForm$MH+0x0000000800147c00'
Event: 251.329 Thread 0x000001d12f7f9420 Unloading class 0x0000000800147800 'java/lang/invoke/LambdaForm$DMH+0x0000000800147800'
Event: 251.329 Thread 0x000001d12f7f9420 Unloading class 0x0000000800147400 'java/lang/invoke/LambdaForm$DMH+0x0000000800147400'
Event: 251.329 Thread 0x000001d12f7f9420 Unloading class 0x0000000800145800 'java/lang/invoke/LambdaForm$MH+0x0000000800145800'
Event: 251.329 Thread 0x000001d12f7f9420 Unloading class 0x0000000800142c00 'java/lang/invoke/LambdaForm$MH+0x0000000800142c00'
Event: 251.329 Thread 0x000001d12f7f9420 Unloading class 0x0000000800142800 'java/lang/invoke/LambdaForm$MH+0x0000000800142800'
Event: 251.329 Thread 0x000001d12f7f9420 Unloading class 0x00000008000c4000 'java/lang/invoke/LambdaForm$MH+0x00000008000c4000'
Event: 251.329 Thread 0x000001d12f7f9420 Unloading class 0x00000008000c3c00 'java/lang/invoke/LambdaForm$MH+0x00000008000c3c00'
Event: 251.329 Thread 0x000001d12f7f9420 Unloading class 0x00000008000c3800 'java/lang/invoke/LambdaForm$MH+0x00000008000c3800'
Event: 251.329 Thread 0x000001d12f7f9420 Unloading class 0x00000008000c3400 'java/lang/invoke/LambdaForm$MH+0x00000008000c3400'

Classes redefined (3 events):
Event: 250.148 Thread 0x000001d12f7f9420 redefined class name=com.in.main.controller.PresentationController, count=1
Event: 279.832 Thread 0x000001d12f7f9420 redefined class name=com.in.main.controller.PresentationController, count=2
Event: 279.832 Thread 0x000001d12f7f9420 redefined class name=com.in.main.controller.PresentationController, count=1

Internal exceptions (20 events):
Event: 251.315 Thread 0x000001d13c4e3090 Exception <a 'java/io/IOException'{0x00000007084a00e8}> (0x00000007084a00e8) 
thrown [s\src\hotspot\share\prims\jni.cpp, line 520]
Event: 251.315 Thread 0x000001d13c4e3090 Exception <a 'java/io/IOException'{0x00000007084a20c0}> (0x00000007084a20c0) 
thrown [s\src\hotspot\share\prims\jni.cpp, line 520]
Event: 251.315 Thread 0x000001d13c4e3090 Exception <a 'java/io/IOException'{0x00000007084a2d18}> (0x00000007084a2d18) 
thrown [s\src\hotspot\share\prims\jni.cpp, line 520]
Event: 251.316 Thread 0x000001d13c4e3090 Exception <a 'java/io/IOException'{0x00000007084a4cf0}> (0x00000007084a4cf0) 
thrown [s\src\hotspot\share\prims\jni.cpp, line 520]
Event: 251.316 Thread 0x000001d13c4e3090 Exception <a 'java/io/IOException'{0x00000007084a5910}> (0x00000007084a5910) 
thrown [s\src\hotspot\share\prims\jni.cpp, line 520]
Event: 251.316 Thread 0x000001d13c4e3090 Exception <a 'java/io/IOException'{0x00000007084a78e8}> (0x00000007084a78e8) 
thrown [s\src\hotspot\share\prims\jni.cpp, line 520]
Event: 251.316 Thread 0x000001d13c4e3090 Exception <a 'java/io/IOException'{0x00000007084a8508}> (0x00000007084a8508) 
thrown [s\src\hotspot\share\prims\jni.cpp, line 520]
Event: 251.320 Thread 0x000001d13509f0e0 Exception <a 'java/lang/InterruptedException'{0x000000070851b5c8}: sleep interrupted> (0x000000070851b5c8) 
thrown [s\src\hotspot\share\prims\jvm.cpp, line 3074]
Event: 251.358 Thread 0x000001d13c4e5e80 Exception <a 'sun/nio/fs/WindowsException'{0x000000070a6fde18}> (0x000000070a6fde18) 
thrown [s\src\hotspot\share\prims\jni.cpp, line 520]
Event: 251.544 Thread 0x000001d13c4e5e80 Exception <a 'java/lang/NoClassDefFoundError'{0x0000000708aa08c8}: org/flywaydb/core/Flyway> (0x0000000708aa08c8) 
thrown [s\src\hotspot\share\oops\constantPool.cpp, line 873]
Event: 252.381 Thread 0x000001d13c4e5e80 Exception <a 'java/lang/NoClassDefFoundError'{0x0000000708aa0f28}: liquibase/integration/spring/SpringLiquibase> (0x0000000708aa0f28) 
thrown [s\src\hotspot\share\oops\constantPool.cpp, line 873]
Event: 252.384 Thread 0x000001d13c4e5e80 Exception <a 'java/lang/NoClassDefFoundError'{0x0000000708b1a1c0}: org/jooq/DSLContext> (0x0000000708b1a1c0) 
thrown [s\src\hotspot\share\oops\constantPool.cpp, line 873]
Event: 252.385 Thread 0x000001d13c4e5e80 Exception <a 'java/lang/NoClassDefFoundError'{0x0000000708b270e8}: org/springframework/batch/core/repository/JobRepository> (0x0000000708b270e8) 
thrown [s\src\hotspot\share\oops\constantPool.cpp, line 873]
Event: 252.385 Thread 0x000001d13c4e5e80 Exception <a 'java/lang/NoClassDefFoundError'{0x0000000708b27740}: org/quartz/Scheduler> (0x0000000708b27740) 
thrown [s\src\hotspot\share\oops\constantPool.cpp, line 873]
Event: 252.386 Thread 0x000001d13c4e5e80 Exception <a 'java/lang/NoClassDefFoundError'{0x0000000708b27dc0}: org/springframework/session/jdbc/JdbcIndexedSessionRepository> (0x0000000708b27dc0) 
thrown [s\src\hotspot\share\oops\constantPool.cpp, line 873]
Event: 252.392 Thread 0x000001d13c4e5e80 Exception <a 'java/lang/NoSuchMethodError'{0x000000070880d528}: 'void java.lang.invoke.DelegatingMethodHandle$Holder.reinvoke_L(java.lang.Object, java.lang.Object, int)'> (0x000000070880d528) 
thrown [s\src\hotspot\share\interpreter\linkResolver.cpp, line 773]
Event: 252.423 Thread 0x000001d13c4e5e80 Exception <a 'java/lang/NoSuchMethodError'{0x00000007082ba968}: 'int java.lang.invoke.DirectMethodHandle$Holder.invokeVirtual(java.lang.Object, java.lang.Object, java.lang.Object, java.lang.Object)'> (0x00000007082ba968) 
thrown [s\src\hotspot\share\interpreter\linkResolver.cpp, line 773]
Event: 252.423 Thread 0x000001d13c4e5e80 Exception <a 'java/lang/NoSuchMethodError'{0x00000007082bdf30}: 'int java.lang.invoke.DelegatingMethodHandle$Holder.reinvoke_L(java.lang.Object, java.lang.Object, java.lang.Object, java.lang.Object)'> (0x00000007082bdf30) 
thrown [s\src\hotspot\share\interpreter\linkResolver.cpp, line 773]
Event: 252.428 Thread 0x000001d13c4e5e80 Exception <a 'java/io/FileNotFoundException'{0x0000000708314198}> (0x0000000708314198) 
thrown [s\src\hotspot\share\prims\jni.cpp, line 520]
Event: 252.438 Thread 0x000001d13c4e5e80 Exception <a 'java/io/FileNotFoundException'{0x00000007080d8b38}> (0x00000007080d8b38) 
thrown [s\src\hotspot\share\prims\jni.cpp, line 520]

ZGC Phase Switch (0 events):
No events

VM Operations (20 events):
Event: 253.227 Executing VM operation: get/set locals
Event: 253.227 Executing VM operation: get/set locals done
Event: 253.228 Executing VM operation: get/set locals
Event: 253.228 Executing VM operation: get/set locals done
Event: 253.228 Executing VM operation: get/set locals
Event: 253.228 Executing VM operation: get/set locals done
Event: 253.228 Executing VM operation: get/set locals
Event: 253.228 Executing VM operation: get/set locals done
Event: 279.820 Executing VM operation: ChangeSingleStep
Event: 279.820 Executing VM operation: ChangeSingleStep done
Event: 279.820 Executing VM operation: ChangeSingleStep
Event: 279.820 Executing VM operation: ChangeSingleStep done
Event: 279.828 Executing VM operation: RedefineClasses
Event: 279.841 Executing VM operation: RedefineClasses done
Event: 279.850 Executing VM operation: ChangeBreakpoints
Event: 279.851 Executing VM operation: ChangeBreakpoints done
Event: 279.852 Executing VM operation: ChangeBreakpoints
Event: 279.853 Executing VM operation: ChangeBreakpoints done
Event: 279.863 Executing VM operation: ChangeSingleStep
Event: 279.863 Executing VM operation: ChangeSingleStep done

Events (20 events):
Event: 251.334 Thread 0x000001d12f7f9420 flushing nmethod 0x000001d1241fad10
Event: 251.334 Thread 0x000001d12f7f9420 flushing nmethod 0x000001d1241fa290
Event: 251.334 Thread 0x000001d12f7f9420 flushing nmethod 0x000001d1241cf310
Event: 251.334 Thread 0x000001d12f7f9420 flushing nmethod 0x000001d1241d2b90
Event: 251.334 Thread 0x000001d12f7f9420 flushing nmethod 0x000001d1241cad10
Event: 251.334 Thread 0x000001d12f7f9420 flushing nmethod 0x000001d1241d8c10
Event: 251.334 Thread 0x000001d12f7f9420 flushing nmethod 0x000001d1241c6010
Event: 251.348 Thread 0x000001d13c4e3720 Thread added: 0x000001d13c4e3720
Event: 251.349 Thread 0x000001d13c4e3720 Thread exited: 0x000001d13c4e3720
Event: 251.349 Thread 0x000001d13c4e5e80 Thread added: 0x000001d13c4e5e80
Event: 251.395 Thread 0x000001d13c4e3720 Thread added: 0x000001d13c4e3720
Event: 251.411 Thread 0x000001d13c4e3720 Thread exited: 0x000001d13c4e3720
Event: 252.439 Thread 0x000001d13c4e4440 Thread added: 0x000001d13c4e4440
Event: 252.439 Thread 0x000001d13c4e4ad0 Thread added: 0x000001d13c4e4ad0
Event: 252.439 Thread 0x000001d13c4e57f0 Thread added: 0x000001d13c4e57f0
Event: 252.474 Thread 0x000001d13c4e3720 Thread added: 0x000001d13c4e3720
Event: 252.580 Thread 0x000001d13c4e6510 Thread added: 0x000001d13c4e6510
Event: 258.004 Thread 0x000001d13c4e6510 Thread exited: 0x000001d13c4e6510
Event: 258.113 Thread 0x000001d135b11c10 Thread exited: 0x000001d135b11c10
Event: 258.113 Thread 0x000001d135b100d0 Thread exited: 0x000001d135b100d0


Dynamic libraries:
0x00007ff65a5c0000 - 0x00007ff65a5ce000 	E:\application\jar file\spring\sts-4.24.0.RELEASE\plugins\org.eclipse.justj.openjdk.hotspot.jre.full.win32.x86_64_21.0.3.v20240426-1530\jre\bin\javaw.exe
0x00007ffc7a620000 - 0x00007ffc7a883000 	C:\WINDOWS\SYSTEM32\ntdll.dll
0x00007ffc790d0000 - 0x00007ffc79197000 	C:\WINDOWS\System32\KERNEL32.DLL
0x00007ffc77c30000 - 0x00007ffc77ff7000 	C:\WINDOWS\System32\KERNELBASE.dll
0x00007ffc78310000 - 0x00007ffc7845c000 	C:\WINDOWS\System32\ucrtbase.dll
0x00007ffc4bd40000 - 0x00007ffc4bd58000 	E:\application\jar file\spring\sts-4.24.0.RELEASE\plugins\org.eclipse.justj.openjdk.hotspot.jre.full.win32.x86_64_21.0.3.v20240426-1530\jre\bin\jli.dll
0x00007ffc60020000 - 0x00007ffc6003b000 	E:\application\jar file\spring\sts-4.24.0.RELEASE\plugins\org.eclipse.justj.openjdk.hotspot.jre.full.win32.x86_64_21.0.3.v20240426-1530\jre\bin\VCRUNTIME140.dll
0x00007ffc79a20000 - 0x00007ffc79be9000 	C:\WINDOWS\System32\USER32.dll
0x00007ffc78180000 - 0x00007ffc781a7000 	C:\WINDOWS\System32\win32u.dll
0x00007ffc5b3c0000 - 0x00007ffc5b650000 	C:\WINDOWS\WinSxS\amd64_microsoft.windows.common-controls_6595b64144ccf1df_6.0.26100.3037_none_3e09262ce333c378\COMCTL32.dll
0x00007ffc79c90000 - 0x00007ffc79cba000 	C:\WINDOWS\System32\GDI32.dll
0x00007ffc78780000 - 0x00007ffc78829000 	C:\WINDOWS\System32\msvcrt.dll
0x00007ffc77a50000 - 0x00007ffc77b7b000 	C:\WINDOWS\System32\gdi32full.dll
0x00007ffc77b80000 - 0x00007ffc77c23000 	C:\WINDOWS\System32\msvcp_win.dll
0x00007ffc79bf0000 - 0x00007ffc79c1f000 	C:\WINDOWS\System32\IMM32.DLL
0x00007ffc60010000 - 0x00007ffc6001c000 	E:\application\jar file\spring\sts-4.24.0.RELEASE\plugins\org.eclipse.justj.openjdk.hotspot.jre.full.win32.x86_64_21.0.3.v20240426-1530\jre\bin\vcruntime140_1.dll
0x00007ffc45f40000 - 0x00007ffc45fce000 	E:\application\jar file\spring\sts-4.24.0.RELEASE\plugins\org.eclipse.justj.openjdk.hotspot.jre.full.win32.x86_64_21.0.3.v20240426-1530\jre\bin\msvcp140.dll
0x00007ffc15d20000 - 0x00007ffc16aa2000 	E:\application\jar file\spring\sts-4.24.0.RELEASE\plugins\org.eclipse.justj.openjdk.hotspot.jre.full.win32.x86_64_21.0.3.v20240426-1530\jre\bin\server\jvm.dll
0x00007ffc7a490000 - 0x00007ffc7a544000 	C:\WINDOWS\System32\ADVAPI32.dll
0x00007ffc79cf0000 - 0x00007ffc79d96000 	C:\WINDOWS\System32\sechost.dll
0x00007ffc78ca0000 - 0x00007ffc78db6000 	C:\WINDOWS\System32\RPCRT4.dll
0x00007ffc78700000 - 0x00007ffc78774000 	C:\WINDOWS\System32\WS2_32.dll
0x00007ffc771a0000 - 0x00007ffc771ee000 	C:\WINDOWS\SYSTEM32\POWRPROF.dll
0x00007ffc6f450000 - 0x00007ffc6f486000 	C:\WINDOWS\SYSTEM32\WINMM.dll
0x00007ffc67cd0000 - 0x00007ffc67cdb000 	C:\WINDOWS\SYSTEM32\VERSION.dll
0x00007ffc77160000 - 0x00007ffc77174000 	C:\WINDOWS\SYSTEM32\UMPDC.dll
0x00007ffc767b0000 - 0x00007ffc767ca000 	C:\WINDOWS\SYSTEM32\kernel.appcore.dll
0x00007ffc5fe80000 - 0x00007ffc5fe8a000 	E:\application\jar file\spring\sts-4.24.0.RELEASE\plugins\org.eclipse.justj.openjdk.hotspot.jre.full.win32.x86_64_21.0.3.v20240426-1530\jre\bin\jimage.dll
0x00007ffc62380000 - 0x00007ffc625c1000 	C:\WINDOWS\SYSTEM32\DBGHELP.DLL
0x00007ffc78910000 - 0x00007ffc78c8e000 	C:\WINDOWS\System32\combase.dll
0x00007ffc78830000 - 0x00007ffc78906000 	C:\WINDOWS\System32\OLEAUT32.dll
0x00007ffc652a0000 - 0x00007ffc652d9000 	C:\WINDOWS\SYSTEM32\dbgcore.DLL
0x00007ffc781b0000 - 0x00007ffc78249000 	C:\WINDOWS\System32\bcryptPrimitives.dll
0x00007ffc5f7c0000 - 0x00007ffc5f7fc000 	E:\application\jar file\spring\sts-4.24.0.RELEASE\plugins\org.eclipse.justj.openjdk.hotspot.jre.full.win32.x86_64_21.0.3.v20240426-1530\jre\bin\jdwp.dll
0x00007ffc5fe70000 - 0x00007ffc5fe7f000 	E:\application\jar file\spring\sts-4.24.0.RELEASE\plugins\org.eclipse.justj.openjdk.hotspot.jre.full.win32.x86_64_21.0.3.v20240426-1530\jre\bin\instrument.dll
0x00007ffc4bd20000 - 0x00007ffc4bd3f000 	E:\application\jar file\spring\sts-4.24.0.RELEASE\plugins\org.eclipse.justj.openjdk.hotspot.jre.full.win32.x86_64_21.0.3.v20240426-1530\jre\bin\java.dll
0x00007ffc4bcc0000 - 0x00007ffc4bcd8000 	E:\application\jar file\spring\sts-4.24.0.RELEASE\plugins\org.eclipse.justj.openjdk.hotspot.jre.full.win32.x86_64_21.0.3.v20240426-1530\jre\bin\zip.dll
0x00007ffc79260000 - 0x00007ffc79964000 	C:\WINDOWS\System32\SHELL32.dll
0x00007ffc756a0000 - 0x00007ffc75ed7000 	C:\WINDOWS\SYSTEM32\windows.storage.dll
0x00007ffc78460000 - 0x00007ffc78549000 	C:\WINDOWS\System32\SHCORE.dll
0x00007ffc79c30000 - 0x00007ffc79c8d000 	C:\WINDOWS\System32\shlwapi.dll
0x00007ffc778d0000 - 0x00007ffc778fe000 	C:\WINDOWS\SYSTEM32\profapi.dll
0x00007ffc73f20000 - 0x00007ffc73f2b000 	E:\application\jar file\spring\sts-4.24.0.RELEASE\plugins\org.eclipse.justj.openjdk.hotspot.jre.full.win32.x86_64_21.0.3.v20240426-1530\jre\bin\dt_socket.dll
0x00007ffc761d0000 - 0x00007ffc76202000 	C:\WINDOWS\SYSTEM32\IPHLPAPI.DLL
0x00007ffc76ca0000 - 0x00007ffc76d0a000 	C:\WINDOWS\system32\mswsock.dll
0x00007ffc76260000 - 0x00007ffc76385000 	C:\WINDOWS\SYSTEM32\DNSAPI.dll
0x00007ffc7a230000 - 0x00007ffc7a23a000 	C:\WINDOWS\System32\NSI.dll
0x00007ffc69610000 - 0x00007ffc6961b000 	C:\Windows\System32\rasadhlp.dll
0x00007ffc70850000 - 0x00007ffc708d5000 	C:\WINDOWS\System32\fwpuclnt.dll
0x00007ffc5f800000 - 0x00007ffc5f810000 	E:\application\jar file\spring\sts-4.24.0.RELEASE\plugins\org.eclipse.justj.openjdk.hotspot.jre.full.win32.x86_64_21.0.3.v20240426-1530\jre\bin\net.dll
0x00007ffc71a90000 - 0x00007ffc71bae000 	C:\WINDOWS\SYSTEM32\WINHTTP.dll
0x00007ffc4bca0000 - 0x00007ffc4bcb6000 	E:\application\jar file\spring\sts-4.24.0.RELEASE\plugins\org.eclipse.justj.openjdk.hotspot.jre.full.win32.x86_64_21.0.3.v20240426-1530\jre\bin\nio.dll
0x00007ffc4d6a0000 - 0x00007ffc4d6aa000 	E:\application\jar file\spring\sts-4.24.0.RELEASE\plugins\org.eclipse.justj.openjdk.hotspot.jre.full.win32.x86_64_21.0.3.v20240426-1530\jre\bin\management.dll
0x00007ffc4d690000 - 0x00007ffc4d69b000 	E:\application\jar file\spring\sts-4.24.0.RELEASE\plugins\org.eclipse.justj.openjdk.hotspot.jre.full.win32.x86_64_21.0.3.v20240426-1530\jre\bin\management_ext.dll
0x00007ffc785f0000 - 0x00007ffc785f8000 	C:\WINDOWS\System32\PSAPI.DLL
0x00007ffc4d730000 - 0x00007ffc4d748000 	C:\WINDOWS\system32\napinsp.dll
0x00007ffc4d610000 - 0x00007ffc4d622000 	C:\WINDOWS\System32\winrnr.dll
0x00007ffc4d5e0000 - 0x00007ffc4d602000 	C:\WINDOWS\system32\nlansp_c.dll
0x00007ffc4d5a0000 - 0x00007ffc4d5b6000 	C:\WINDOWS\system32\wshbth.dll
0x00007ffc77050000 - 0x00007ffc7706c000 	C:\WINDOWS\SYSTEM32\CRYPTSP.dll
0x00007ffc76710000 - 0x00007ffc76748000 	C:\WINDOWS\system32\rsaenh.dll
0x00007ffc76d40000 - 0x00007ffc76d6b000 	C:\WINDOWS\SYSTEM32\USERENV.dll
0x00007ffc772f0000 - 0x00007ffc77316000 	C:\WINDOWS\SYSTEM32\bcrypt.dll
0x00007ffc76ed0000 - 0x00007ffc76edc000 	C:\WINDOWS\SYSTEM32\CRYPTBASE.dll
0x00007ffc60000000 - 0x00007ffc60009000 	E:\application\jar file\spring\sts-4.24.0.RELEASE\plugins\org.eclipse.justj.openjdk.hotspot.jre.full.win32.x86_64_21.0.3.v20240426-1530\jre\bin\extnet.dll
0x00007ffc5b1c0000 - 0x00007ffc5b1d0000 	E:\application\jar file\spring\sts-4.24.0.RELEASE\plugins\org.eclipse.justj.openjdk.hotspot.jre.full.win32.x86_64_21.0.3.v20240426-1530\jre\bin\verify.dll
0x00007ffc74a80000 - 0x00007ffc74a8e000 	E:\application\jar file\spring\sts-4.24.0.RELEASE\plugins\org.eclipse.justj.openjdk.hotspot.jre.full.win32.x86_64_21.0.3.v20240426-1530\jre\bin\sunmscapi.dll
0x00007ffc78000000 - 0x00007ffc78176000 	C:\WINDOWS\System32\CRYPT32.dll
0x00007ffc772b0000 - 0x00007ffc772e0000 	C:\WINDOWS\SYSTEM32\ncrypt.dll
0x00007ffc77260000 - 0x00007ffc7729f000 	C:\WINDOWS\SYSTEM32\NTASN1.dll
0x00007ffc4d820000 - 0x00007ffc4d828000 	C:\WINDOWS\system32\wshunix.dll

dbghelp: loaded successfully - version: 4.0.5 - missing functions: none
symbol engine: initialized successfully - sym options: 0x614 - pdb path: .;E:\application\jar file\spring\sts-4.24.0.RELEASE\plugins\org.eclipse.justj.openjdk.hotspot.jre.full.win32.x86_64_21.0.3.v20240426-1530\jre\bin;C:\WINDOWS\SYSTEM32;C:\WINDOWS\WinSxS\amd64_microsoft.windows.common-controls_6595b64144ccf1df_6.0.26100.3037_none_3e09262ce333c378;E:\application\jar file\spring\sts-4.24.0.RELEASE\plugins\org.eclipse.justj.openjdk.hotspot.jre.full.win32.x86_64_21.0.3.v20240426-1530\jre\bin\server

VM Arguments:
jvm_args: -XX:+ShowCodeDetailsInExceptionMessages -agentlib:jdwp=transport=dt_socket,suspend=y,address=localhost:64425 -Dcom.sun.management.jmxremote -Dcom.sun.management.jmxremote.port=64424 -Dcom.sun.management.jmxremote.authenticate=false -Dcom.sun.management.jmxremote.ssl=false -Djava.rmi.server.hostname=localhost -Dspring.jmx.enabled=true -Dmanagement.endpoints.jmx.exposure.include=* -Dspring.application.admin.enabled=true -XX:TieredStopAtLevel=1 -Dspring.boot.project.name=Presentation -javaagent:E:\application\jar file\spring\sts-4.24.0.RELEASE\configuration\org.eclipse.osgi\270\0\.cp\lib\javaagent-shaded.jar -Dfile.encoding=UTF-8 -Dstdout.encoding=UTF-8 -Dstderr.encoding=UTF-8 
java_command: com.in.main.PresentationApplication --spring.output.ansi.enabled=always
java_class_path (initial): E:\Nitesh\java\SpringToolSuite\Presentation\target\classes;C:\Users\ADMIN\.m2\repository\org\springframework\boot\spring-boot-starter-data-jpa\3.4.0\spring-boot-starter-data-jpa-3.4.0.jar;C:\Users\ADMIN\.m2\repository\org\springframework\boot\spring-boot-starter\3.4.0\spring-boot-starter-3.4.0.jar;C:\Users\ADMIN\.m2\repository\org\springframework\boot\spring-boot-starter-logging\3.4.0\spring-boot-starter-logging-3.4.0.jar;C:\Users\ADMIN\.m2\repository\ch\qos\logback\logback-classic\1.5.12\logback-classic-1.5.12.jar;C:\Users\ADMIN\.m2\repository\ch\qos\logback\logback-core\1.5.12\logback-core-1.5.12.jar;C:\Users\ADMIN\.m2\repository\org\apache\logging\log4j\log4j-to-slf4j\2.24.1\log4j-to-slf4j-2.24.1.jar;C:\Users\ADMIN\.m2\repository\org\apache\logging\log4j\log4j-api\2.24.1\log4j-api-2.24.1.jar;C:\Users\ADMIN\.m2\repository\org\slf4j\jul-to-slf4j\2.0.16\jul-to-slf4j-2.0.16.jar;C:\Users\ADMIN\.m2\repository\jakarta\annotation\jakarta.annotation-api\2.1.1\jakarta.annotation-api-2.1.1.jar;C:\Users\ADMIN\.m2\repository\org\yaml\snakeyaml\2.3\snakeyaml-2.3.jar;C:\Users\ADMIN\.m2\repository\org\springframework\boot\spring-boot-starter-jdbc\3.4.0\spring-boot-starter-jdbc-3.4.0.jar;C:\Users\ADMIN\.m2\repository\com\zaxxer\HikariCP\5.1.0\HikariCP-5.1.0.jar;C:\Users\ADMIN\.m2\repository\org\springframework\spring-jdbc\6.2.0\spring-jdbc-6.2.0.jar;C:\Users\ADMIN\.m2\repository\org\hibernate\orm\hibernate-core\6.6.2.Final\hibernate-core-6.6.2.Final.jar;C:\Users\ADMIN\.m2\repository\jakarta\persistence\jakarta.persistence-api\3.1.0\jakarta.persistence-api-3.1.0.jar;C:\Users\ADMIN\.m2\repository\jakarta\transaction\jakarta.transaction-api\2.0.1\jakarta.transaction-api-2.0.1.jar;C:\Users\ADMIN\.m2\repository\org\jboss\logging\jboss-logging\3.6.1.Final\jboss-logging-3.6.1.Final.jar;C:\Users\ADMIN\.m2\repository\org\hibernate\common\hibernate-commons-annotations\7.0.3.Final\hibernate-commons-annotations-7.0.3.Final.jar;C:\Users\ADMIN\.m2\repository\io\smallrye\jandex\3.2.0\jandex-3.2.0.jar;C:\Users\ADMIN\.m2\repository\com\fasterxml\classmate\1.7.0\classmate-1.7.0.jar;C:\Users\ADMIN\.m2\repository\net\bytebuddy\byte-buddy\1.15.10\byte-buddy-1.15.10.jar;C:\Users\ADMIN\.m2\repository\org\glassfish\jaxb\jaxb-runtime\4.0.5\jaxb-runtime-4.0.5.jar;C:\Users\ADMIN\.m2\repository\org\glassfish\jaxb\jaxb-core\4.0.5\jaxb-core-4.0.5.jar;C:\Users\ADMIN\.m2\repository\org\glassfish\jaxb\txw2\4.0.5\txw2-4.0.5.jar;C:\Users\ADMIN\.m2\repository\com\sun\istack\istack-commons-runtime\4.1.2\istack-commons-runtime-4.1.2.jar;C:\Users\ADMIN\.m2\repository\jakarta\inject\jakarta.inject-api\2.0.1\jakarta.inject-api-2.0.1.jar;C:\Users\ADMIN\.m2\repository\org\antlr\antlr4-runtime\4.13.0\antlr4-runtime-4.13.0.jar;C:\Users\ADMIN\.m2\repository\org\springframework\data\spring-data-jpa\3.4.0\spring-data-jpa-3.4.0.jar;C:\Users\ADMIN\.m2\repository\org\springframework\data\spring-data-commons\3.4.0\spring-data-commons-3.4.0.jar;C:\Users\ADMIN\.m2\repository\org\springframework\spring-orm\6.2.0\spring-orm-6.2.0.jar;C:\Users\ADMIN\.m2\repository\org\springframework\spring-context\6.2.0\spring-context-6.2.0.jar;C:\Users\ADMIN\.m2\repository\org\springframework\spring-aop\6.2.0\spring-aop-6.2.0.jar;C:\Users\ADMIN\.m2\repository\org\springframework\spring-tx\6.2.0\spring-tx-6.2.0.jar;C:\Users\ADMIN\.m2\repository\org\springframework\spring-beans\6.2.0\spring-beans-6.2.0.jar;C:\Users\ADMIN\.m2\repository\org\slf4j\slf4j-api\2.0.16\slf4j-api-2.0.16.jar;C:\Users\ADMIN\.m2\repository\org\springframework\spring-aspects\6.2.0\spring-aspects-6.2.0.jar;C:\Users\ADMIN\.m2\repository\org\aspectj\aspectjweaver\1.9.22.1\aspectjweaver-1.9.22.1.jar;C:\Users\ADMIN\.m2\repository\org\springframework\boot\spring-boot-starter-validation\3.4.0\spring-boot-starter-validation-3.4.0.jar;C:\Users\ADMIN\.m2\repository\org\apache\tomcat\embed\tomcat-embed-el\10.1.33\tomcat-embed-el-10.1.33.jar;C:\Users\ADMIN\.m2\repository\org\hibernate\validator\hibernate-validator\8.0.1.Final\hibernate-validator-8.0.1.Final.jar;C:\Users\ADMIN\.m2\repository\jakarta\validation\jakarta.validation-api\3.0.2\jakarta.validation-api-3.0.2.jar;C:\Users\ADMIN\.m2\repository\com\itextpdf\itextpdf\5.5.13.3\itextpdf-5.5.13.3.jar;C:\Users\ADMIN\.m2\repository\org\springframework\boot\spring-boot-starter-mail\3.4.0\spring-boot-starter-mail-3.4.0.jar;C:\Users\ADMIN\.m2\repository\org\springframework\spring-context-support\6.2.0\spring-context-support-6.2.0.jar;C:\Users\ADMIN\.m2\repository\org\eclipse\angus\jakarta.mail\2.0.3\jakarta.mail-2.0.3.jar;C:\Users\ADMIN\.m2\repository\jakarta\activation\jakarta.activation-api\2.1.3\jakarta.activation-api-2.1.3.jar;C:\Users\ADMIN\.m2\repository\org\eclipse\angus\angus-activation\2.0.2\angus-activation-2.0.2.jar;C:\Users\ADMIN\.m2\repository\org\springframework\boot\spring-boot-starter-web\3.4.0\spring-boot-starter-web-3.4.0.jar;C:\Users\ADMIN\.m2\repository\org\springframework\boot\spring-boot-starter-json\3.4.0\spring-boot-starter-json-3.4.0.jar;C:\Users\ADMIN\.m2\repository\com\fasterxml\jackson\core\jackson-databind\2.18.1\jackson-databind-2.18.1.jar;C:\Users\ADMIN\.m2\repository\com\fasterxml\jackson\core\jackson-annotations\2.18.1\jackson-annotations-2.18.1.jar;C:\Users\ADMIN\.m2\repository\com\fasterxml\jackson\core\jackson-core\2.18.1\jackson-core-2.18.1.jar;C:\Users\ADMIN\.m2\repository\com\fasterxml\jackson\datatype\jackson-datatype-jdk8\2.18.1\jackson-datatype-jdk8-2.18.1.jar;C:\Users\ADMIN\.m2\repository\com\fasterxml\jackson\datatype\jackson-datatype-jsr310\2.18.1\jackson-datatype-jsr310-2.18.1.jar;C:\Users\ADMIN\.m2\repository\com\fasterxml\jackson\module\jackson-module-parameter-names\2.18.1\jackson-module-parameter-names-2.18.1.jar;C:\Users\ADMIN\.m2\repository\org\springframework\boot\spring-boot-starter-tomcat\3.4.0\spring-boot-starter-tomcat-3.4.0.jar;C:\Users\ADMIN\.m2\repository\org\apache\tomcat\embed\tomcat-embed-core\10.1.33\tomcat-embed-core-10.1.33.jar;C:\Users\ADMIN\.m2\repository\org\apache\tomcat\embed\tomcat-embed-websocket\10.1.33\tomcat-embed-websocket-10.1.33.jar;C:\Users\ADMIN\.m2\repository\org\springframework\spring-web\6.2.0\spring-web-6.2.0.jar;C:\Users\ADMIN\.m2\repository\io\micrometer\micrometer-observation\1.14.1\micrometer-observation-1.14.1.jar;C:\Users\ADMIN\.m2\repository\io\micrometer\micrometer-commons\1.14.1\micrometer-commons-1.14.1.jar;C:\Users\ADMIN\.m2\repository\org\springframework\spring-webmvc\6.2.0\spring-webmvc-6.2.0.jar;C:\Users\ADMIN\.m2\repository\org\springframework\spring-expression\6.2.0\spring-expression-6.2.0.jar;C:\Users\ADMIN\.m2\repository\org\springframework\boot\spring-boot-devtools\3.4.0\spring-boot-devtools-3.4.0.jar;C:\Users\ADMIN\.m2\repository\org\springframework\boot\spring-boot\3.4.0\spring-boot-3.4.0.jar;C:\Users\ADMIN\.m2\repository\org\springframework\boot\spring-boot-autoconfigure\3.4.0\spring-boot-autoconfigure-3.4.0.jar;C:\Users\ADMIN\.m2\repository\org\modelmapper\modelmapper\3.1.0\modelmapper-3.1.0.jar;C:\Users\ADMIN\.m2\repository\com\mysql\mysql-connector-j\9.1.0\mysql-connector-j-9.1.0.jar;C:\Users\ADMIN\.m2\repository\org\projectlombok\lombok\1.18.36\lombok-1.18.36.jar;C:\Users\ADMIN\.m2\repository\jakarta\xml\bind\jakarta.xml.bind-api\4.0.2\jakarta.xml.bind-api-4.0.2.jar;C:\Users\ADMIN\.m2\repository\org\springframework\spring-core\6.2.0\spring-core-6.2.0.jar;C:\Users\ADMIN\.m2\repository\org\springframework\spring-jcl\6.2.0\spring-jcl-6.2.0.jar
Launcher Type: SUN_STANDARD

[Global flags]
     intx CICompilerCount                          = 4                                         {product} {ergonomic}
     uint ConcGCThreads                            = 3                                         {product} {ergonomic}
     uint G1ConcRefinementThreads                  = 10                                        {product} {ergonomic}
   size_t G1HeapRegionSize                         = 2097152                                   {product} {ergonomic}
    uintx GCDrainStackTargetSize                   = 64                                        {product} {ergonomic}
   size_t InitialHeapSize                          = 266338304                                 {product} {ergonomic}
     bool ManagementServer                         = true                                      {product} {command line}
   size_t MarkStackSize                            = 4194304                                   {product} {ergonomic}
   size_t MaxHeapSize                              = 4238344192                                {product} {ergonomic}
   size_t MaxNewSize                               = 2541748224                                {product} {ergonomic}
   size_t MinHeapDeltaBytes                        = 2097152                                   {product} {ergonomic}
   size_t MinHeapSize                              = 8388608                                   {product} {ergonomic}
    uintx NonNMethodCodeHeapSize                   = 4096                                   {pd product} {ergonomic}
    uintx NonProfiledCodeHeapSize                  = 0                                      {pd product} {ergonomic}
     bool ProfileInterpreter                       = false                                  {pd product} {command line}
    uintx ProfiledCodeHeapSize                     = 0                                      {pd product} {ergonomic}
     bool ShowCodeDetailsInExceptionMessages       = true                                   {manageable} {command line}
   size_t SoftMaxHeapSize                          = 4238344192                             {manageable} {ergonomic}
     intx TieredStopAtLevel                        = 1                                         {product} {command line}
     bool UseCompressedOops                        = true                           {product lp64_product} {ergonomic}
     bool UseG1GC                                  = true                                      {product} {ergonomic}
     bool UseLargePagesIndividualAllocation        = false                                  {pd product} {ergonomic}

Logging:
Log output configuration:
 #0: stdout all=warning uptime,level,tags foldmultilines=false
 #1: stderr all=off uptime,level,tags foldmultilines=false

Environment Variables:
PATH=E:\application\jar file\spring\sts-4.24.0.RELEASE\plugins\org.eclipse.justj.openjdk.hotspot.jre.full.win32.x86_64_21.0.3.v20240426-1530\jre\bin;E:/application/jar file/spring/sts-4.24.0.RELEASE//plugins/org.eclipse.justj.openjdk.hotspot.jre.full.win32.x86_64_21.0.3.v20240426-1530/jre/bin/server;E:/application/jar file/spring/sts-4.24.0.RELEASE//plugins/org.eclipse.justj.openjdk.hotspot.jre.full.win32.x86_64_21.0.3.v20240426-1530/jre/bin;E:\oracle\product\10.2.0\db_2\bin;E:\oracle\product\10.2.0\db_1\bin;C:\Python312\Scripts\;C:\Python312\;C:\Program Files\Common Files\Oracle\Java\javapath;C:\Python311\Scripts\;C:\Python311\;C:\WINDOWS\system32;C:\WINDOWS;C:\WINDOWS\System32\Wbem;C:\WINDOWS\System32\WindowsPowerShell\v1.0\;C:\WINDOWS\System32\OpenSSH\;C:\ProgramData\chocolatey\bin;E:\application\software\Git\cmd;E:\application\software\Git\mingw64\bin;E:\application\software\Git\usr\bin;C:\Program Files\nodejs\;C:\Program Files\dotnet\;C:\Program Files\MySQL\MySQL Server 8.0\bin;C:\Program Files\MySQL\MySQL Shell 8.0\bin\;E:\oracle\product\10.2.0\db_2\bin;E:\oracle\product\10.2.0\db_1\bin;C:\Python312\Scripts\;C:\Python312\;C:\Program Files\Common Files\Oracle\Java\javapath;C:\Python311\Scripts\;C:\Python311\;C:\WINDOWS\system32;C:\WINDOWS;C:\WINDOWS\System32\Wbem;C:\WINDOWS\System32\WindowsPowerShell\v1.0\;C:\WINDOWS\System32\OpenSSH\;C:\ProgramData\chocolatey\bin;E:\application\software\Git\cmd;E:\application\software\Git\mingw64\bin;E:\application\software\Git\usr\bin;C:\Program Files\nodejs\;C:\Program Files\dotnet\;C:\Program Files\MySQL\MySQL Server 8.0\bin;;C:\Program Files\nodejs;C:\Users\ADMIN\AppData\Local\GitHubDesktop\bin;E:\application\software\IDE vs code\Microsoft VS Code\bin;C:\Users\ADMIN\AppData\Local\Microsoft\WindowsApps;;E:\application\jar file\spring\sts-4.24.0.RELEASE;
USERNAME=ADMIN
OS=Windows_NT
PROCESSOR_IDENTIFIER=Intel64 Family 6 Model 151 Stepping 5, GenuineIntel
TMP=C:\Users\ADMIN\AppData\Local\Temp
TEMP=C:\Users\ADMIN\AppData\Local\Temp




Periodic native trim disabled

---------------  S Y S T E M  ---------------

OS:
 Windows 11 , 64 bit Build 26100 (10.0.26100.3037)
OS uptime: 0 days 1:05 hours
Hyper-V role detected

CPU: total 12 (initial active 12) (6 cores per cpu, 2 threads per core) family 6 model 151 stepping 5 microcode 0x2c, cx8, cmov, fxsr, ht, mmx, 3dnowpref, sse, sse2, sse3, ssse3, sse4.1, sse4.2, popcnt, lzcnt, tsc, tscinvbit, avx, avx2, aes, erms, clmul, bmi1, bmi2, adx, sha, fma, vzeroupper, clflush, clflushopt, clwb, hv, serialize, rdtscp, rdpid, fsrm, f16c, cet_ibt, cet_ss
Processor Information for all 12 processors :
  Max Mhz: 2500, Current Mhz: 2500, Mhz Limit: 2500

Memory: 4k page, system-wide physical 16165M (7620M free)
TotalPageFile size 17189M (AvailPageFile size 6170M)
current process WorkingSet (physical memory assigned to process): 326M, peak: 329M
current process commit charge ("private bytes"): 356M, peak: 373M

vm_info: OpenJDK 64-Bit Server VM (21.0.3+9-LTS) for windows-amd64 JRE (21.0.3+9-LTS), built on 2024-04-16T00:00:00Z by "admin" with MS VC++ 17.7 (VS2022)

END.
